<?xml version="1.0" encoding="UTF-8"?>
<testsuite xmlns:xsi="http://www.w3.org/2001/XMLSchema-instance" xsi:noNamespaceSchemaLocation="https://maven.apache.org/surefire/maven-surefire-plugin/xsd/surefire-test-report.xsd" version="3.0.2" name="org.eclipse.swt.tests.junit.AllTests" time="243.039" tests="0" errors="0" skipped="0" failures="0">
  <properties>
[...]
</properties>
  <testcase name="test_errorI" classname="org.eclipse.swt.tests.junit.Test_org_eclipse_swt_SWT" time="0.057"/>
  <testcase name="test_getPlatform" classname="org.eclipse.swt.tests.junit.Test_org_eclipse_swt_SWT" time="0.005"/>
  <testcase name="test_getVersion" classname="org.eclipse.swt.tests.junit.Test_org_eclipse_swt_SWT" time="0.033"/>
  <testcase name="test_getMessageLjava_lang_String" classname="org.eclipse.swt.tests.junit.Test_org_eclipse_swt_SWT" time="0.023"/>
  <testcase name="test_isLocal" classname="org.eclipse.swt.tests.junit.Test_org_eclipse_swt_SWT" time="0.009"/>
  <testcase name="test_errorILjava_lang_Throwable" classname="org.eclipse.swt.tests.junit.Test_org_eclipse_swt_SWT" time="0.008"/>
  <testcase name="test_ConstructorILjava_lang_String" classname="org.eclipse.swt.tests.junit.Test_org_eclipse_swt_SWTException" time="0.002"/>
  <testcase name="test_ConstructorILjava_lang_String" classname="org.eclipse.swt.tests.junit.Test_org_eclipse_swt_SWTError" time="0.005"/>
  <testcase name="test_ConstructorLjava_lang_String" classname="org.eclipse.swt.tests.junit.Test_org_eclipse_swt_SWTException" time="0.001"/>
  <testcase name="test_ConstructorLjava_lang_String" classname="org.eclipse.swt.tests.junit.Test_org_eclipse_swt_SWTError" time="0.004"/>
  <testcase name="test_ConstructorLjava_lang_String" classname="org.eclipse.swt.tests.junit.Test_org_eclipse_swt_graphics_FontData" time="0.001"/>
  <testcase name="test_ConstructorLjava_lang_String" classname="org.eclipse.swt.tests.junit.Test_org_eclipse_swt_graphics_ImageData" time="0.001"/>
  <testcase name="test_Constructor" classname="org.eclipse.swt.tests.junit.Test_org_eclipse_swt_SWTException" time="0.001"/>
  <testcase name="test_Constructor" classname="org.eclipse.swt.tests.junit.Test_org_eclipse_swt_SWTError" time="0.001"/>
  <testcase name="test_Constructor" classname="org.eclipse.swt.tests.junit.Test_org_eclipse_swt_widgets_Display" time="0.029">
    <system-out><![CDATA[org.eclipse.swt.internal.gtk.version=3.24.41
]]></system-out>
  </testcase>
  <testcase name="test_Constructor" classname="org.eclipse.swt.tests.junit.Test_org_eclipse_swt_layout_GridData" time="0.0"/>
  <testcase name="test_Constructor" classname="org.eclipse.swt.tests.junit.Test_org_eclipse_swt_printing_Printer" time="0.001"/>
  <testcase name="test_Constructor" classname="org.eclipse.swt.tests.junit.Test_org_eclipse_swt_printing_PrinterData" time="0.001"/>
  <testcase name="test_Constructor" classname="org.eclipse.swt.tests.junit.Test_org_eclipse_swt_graphics_DeviceData" time="0.001"/>
  <testcase name="test_Constructor" classname="org.eclipse.swt.tests.junit.Test_org_eclipse_swt_graphics_FontData" time="0.0"/>
  <testcase name="test_Constructor" classname="org.eclipse.swt.tests.junit.Test_org_eclipse_swt_graphics_ImageLoader" time="0.001"/>
  <testcase name="test_Constructor" classname="org.eclipse.swt.tests.junit.Test_org_eclipse_swt_graphics_Region" time="0.001"/>
  <testcase name="test_Constructor" classname="org.eclipse.swt.tests.junit.Test_org_eclipse_swt_custom_StyleRange" time="0.0"/>
  <testcase name="test_Constructor" classname="org.eclipse.swt.tests.junit.Test_org_eclipse_swt_widgets_Event" time="0.0"/>
  <testcase name="test_Constructor" classname="org.eclipse.swt.tests.junit.Test_org_eclipse_swt_widgets_Shell" time="0.019"/>
  <testcase name="test_printStackTrace" classname="org.eclipse.swt.tests.junit.Test_org_eclipse_swt_SWTException" time="0.015"/>
  <testcase name="test_printStackTrace" classname="org.eclipse.swt.tests.junit.Test_org_eclipse_swt_SWTError" time="0.009"/>
  <testcase name="test_getMessage" classname="org.eclipse.swt.tests.junit.Test_org_eclipse_swt_SWTException" time="0.004"/>
  <testcase name="test_getMessage" classname="org.eclipse.swt.tests.junit.Test_org_eclipse_swt_SWTError" time="0.001"/>
  <testcase name="test_ConstructorI" classname="org.eclipse.swt.tests.junit.Test_org_eclipse_swt_SWTException" time="0.001"/>
  <testcase name="test_ConstructorI" classname="org.eclipse.swt.tests.junit.Test_org_eclipse_swt_SWTError" time="0.004"/>
  <testcase name="test_ConstructorI" classname="org.eclipse.swt.tests.junit.Test_org_eclipse_swt_layout_FormAttachment" time="0.007"/>
  <testcase name="test_ConstructorI" classname="org.eclipse.swt.tests.junit.Test_org_eclipse_swt_layout_GridData" time="0.001"/>
  <testcase name="test_ConstructorI" classname="org.eclipse.swt.tests.junit.Test_org_eclipse_swt_widgets_Shell" time="0.082"/>
  <testcase name="test_syncExecLjava_lang_Runnable_dispose" classname="org.eclipse.swt.tests.junit.Test_org_eclipse_swt_widgets_Display" time="0.919"/>
  <testcase name="test_syncCall_dispose" classname="org.eclipse.swt.tests.junit.Test_org_eclipse_swt_widgets_Display" time="0.014"/>
  <testcase name="test_setDataLjava_lang_StringLjava_lang_Object" classname="org.eclipse.swt.tests.junit.Test_org_eclipse_swt_widgets_Display" time="0.012"/>
  <testcase name="test_setDataLjava_lang_StringLjava_lang_Object" classname="org.eclipse.swt.tests.junit.Test_org_eclipse_swt_custom_CCombo" time="0.191"/>
  <testcase name="test_setDataLjava_lang_StringLjava_lang_Object" classname="org.eclipse.swt.tests.junit.Test_org_eclipse_swt_custom_CLabel" time="0.012"/>
  <testcase name="test_setDataLjava_lang_StringLjava_lang_Object" classname="org.eclipse.swt.tests.junit.Test_org_eclipse_swt_custom_CTabFolder" time="0.012"/>
  <testcase name="test_setDataLjava_lang_StringLjava_lang_Object" classname="org.eclipse.swt.tests.junit.Test_org_eclipse_swt_custom_CTabItem" time="0.014"/>
  <testcase name="test_setDataLjava_lang_StringLjava_lang_Object" classname="org.eclipse.swt.tests.junit.Test_org_eclipse_swt_custom_StyledText" time="0.021"/>
  <testcase name="test_setDataLjava_lang_StringLjava_lang_Object" classname="org.eclipse.swt.tests.junit.Test_org_eclipse_swt_widgets_Button" time="0.021"/>
  <testcase name="test_setDataLjava_lang_StringLjava_lang_Object" classname="org.eclipse.swt.tests.junit.Test_org_eclipse_swt_widgets_Canvas" time="0.007"/>
  <testcase name="test_setDataLjava_lang_StringLjava_lang_Object" classname="org.eclipse.swt.tests.junit.Test_org_eclipse_swt_widgets_Caret" time="0.009"/>
  <testcase name="test_setDataLjava_lang_StringLjava_lang_Object" classname="org.eclipse.swt.tests.junit.Test_org_eclipse_swt_widgets_Combo" time="0.013"/>
  <testcase name="test_setDataLjava_lang_StringLjava_lang_Object" classname="org.eclipse.swt.tests.junit.Test_org_eclipse_swt_widgets_Composite" time="0.007"/>
  <testcase name="test_setDataLjava_lang_StringLjava_lang_Object" classname="org.eclipse.swt.tests.junit.Test_org_eclipse_swt_widgets_CoolBar" time="0.008"/>
  <testcase name="test_setDataLjava_lang_StringLjava_lang_Object" classname="org.eclipse.swt.tests.junit.Test_org_eclipse_swt_widgets_DateTime_Style_CALENDAR" time="0.03"/>
  <testcase name="test_setDataLjava_lang_StringLjava_lang_Object" classname="org.eclipse.swt.tests.junit.Test_org_eclipse_swt_widgets_DateTime_Style_DATE" time="0.017"/>
  <testcase name="test_setDataLjava_lang_StringLjava_lang_Object" classname="org.eclipse.swt.tests.junit.Test_org_eclipse_swt_widgets_DateTime_Style_TIME" time="0.016"/>
  <testcase name="test_setDataLjava_lang_StringLjava_lang_Object" classname="org.eclipse.swt.tests.junit.Test_org_eclipse_swt_widgets_ExpandBar" time="0.012"/>
  <testcase name="test_setDataLjava_lang_StringLjava_lang_Object" classname="org.eclipse.swt.tests.junit.Test_org_eclipse_swt_widgets_ExpandItem" time="0.009"/>
  <testcase name="test_setDataLjava_lang_StringLjava_lang_Object" classname="org.eclipse.swt.tests.junit.Test_org_eclipse_swt_widgets_Group" time="0.009"/>
  <testcase name="test_setDataLjava_lang_StringLjava_lang_Object" classname="org.eclipse.swt.tests.junit.Test_org_eclipse_swt_widgets_Label" time="0.007"/>
  <testcase name="test_setDataLjava_lang_StringLjava_lang_Object" classname="org.eclipse.swt.tests.junit.Test_org_eclipse_swt_widgets_Link" time="0.008"/>
  <testcase name="test_setDataLjava_lang_StringLjava_lang_Object" classname="org.eclipse.swt.tests.junit.Test_org_eclipse_swt_widgets_List" time="0.014"/>
  <testcase name="test_setDataLjava_lang_StringLjava_lang_Object" classname="org.eclipse.swt.tests.junit.Test_org_eclipse_swt_widgets_Menu" time="0.006"/>
  <testcase name="test_setDataLjava_lang_StringLjava_lang_Object" classname="org.eclipse.swt.tests.junit.Test_org_eclipse_swt_widgets_MenuItem" time="0.012"/>
  <testcase name="test_setDataLjava_lang_StringLjava_lang_Object" classname="org.eclipse.swt.tests.junit.Test_org_eclipse_swt_widgets_ProgressBar" time="0.008"/>
  <testcase name="test_setDataLjava_lang_StringLjava_lang_Object" classname="org.eclipse.swt.tests.junit.Test_org_eclipse_swt_widgets_Sash" time="0.01"/>
  <testcase name="test_setDataLjava_lang_StringLjava_lang_Object" classname="org.eclipse.swt.tests.junit.Test_org_eclipse_swt_widgets_Scale" time="0.007"/>
  <testcase name="test_setDataLjava_lang_StringLjava_lang_Object" classname="org.eclipse.swt.tests.junit.Test_org_eclipse_swt_widgets_ScrollBar" time="0.013"/>
  <testcase name="test_setDataLjava_lang_StringLjava_lang_Object" classname="org.eclipse.swt.tests.junit.Test_org_eclipse_swt_widgets_ScrolledComposite" time="0.007"/>
  <testcase name="test_setDataLjava_lang_StringLjava_lang_Object" classname="org.eclipse.swt.tests.junit.Test_org_eclipse_swt_widgets_Shell" time="0.016"/>
  <testcase name="test_setDataLjava_lang_StringLjava_lang_Object" classname="org.eclipse.swt.tests.junit.Test_org_eclipse_swt_widgets_Slider" time="0.011"/>
  <testcase name="test_setDataLjava_lang_StringLjava_lang_Object" classname="org.eclipse.swt.tests.junit.Test_org_eclipse_swt_widgets_Spinner" time="0.019"/>
  <testcase name="test_setDataLjava_lang_StringLjava_lang_Object" classname="org.eclipse.swt.tests.junit.Test_org_eclipse_swt_widgets_TabFolder" time="0.013"/>
  <testcase name="test_setDataLjava_lang_StringLjava_lang_Object" classname="org.eclipse.swt.tests.junit.Test_org_eclipse_swt_widgets_TabItem" time="0.009"/>
  <testcase name="test_setDataLjava_lang_StringLjava_lang_Object" classname="org.eclipse.swt.tests.junit.Test_org_eclipse_swt_widgets_Table" time="0.014"/>
  <testcase name="test_setDataLjava_lang_StringLjava_lang_Object" classname="org.eclipse.swt.tests.junit.Test_org_eclipse_swt_widgets_TableColumn" time="0.015"/>
  <testcase name="test_setDataLjava_lang_StringLjava_lang_Object" classname="org.eclipse.swt.tests.junit.Test_org_eclipse_swt_widgets_TableItem" time="0.023"/>
  <testcase name="test_setDataLjava_lang_StringLjava_lang_Object" classname="org.eclipse.swt.tests.junit.Test_org_eclipse_swt_widgets_Text" time="0.026"/>
  <testcase name="test_setDataLjava_lang_StringLjava_lang_Object" classname="org.eclipse.swt.tests.junit.Test_org_eclipse_swt_widgets_ToolBar" time="0.011"/>
  <testcase name="test_setDataLjava_lang_StringLjava_lang_Object" classname="org.eclipse.swt.tests.junit.Test_org_eclipse_swt_widgets_ToolItem" time="0.015"/>
  <testcase name="test_setDataLjava_lang_StringLjava_lang_Object" classname="org.eclipse.swt.tests.junit.Test_org_eclipse_swt_widgets_Tree" time="0.015"/>
  <testcase name="test_setDataLjava_lang_StringLjava_lang_Object" classname="org.eclipse.swt.tests.junit.Test_org_eclipse_swt_widgets_TreeColumn" time="0.02"/>
  <testcase name="test_setDataLjava_lang_StringLjava_lang_Object" classname="org.eclipse.swt.tests.junit.Test_org_eclipse_swt_widgets_TreeItem" time="0.015"/>
  <testcase name="test_setDataLjava_lang_StringLjava_lang_Object" classname="org.eclipse.swt.tests.junit.Test_org_eclipse_swt_browser_Browser" time="0.602">
    <system-out><![CDATA[Running Test_org_eclipse_swt_browser_Browser#test_setDataLjava_lang_StringLjava_lang_Object()

### Descriptors opened BEFORE test_setDataLjava_lang_StringLjava_lang_Object(): 41

### Descriptors opened AFTER test_setDataLjava_lang_StringLjava_lang_Object(): 43
Delta to previous test: 2

Delta to first test: 13
########################################


### Descriptors opened AFTER test_setDataLjava_lang_StringLjava_lang_Object(): 41
]]></system-out>
  </testcase>
  <testcase name="test_setDataLjava_lang_StringLjava_lang_Object" classname="org.eclipse.swt.tests.junit.Test_org_eclipse_swt_browser_Browser_IE" time="0.0">
    <skipped message="Disabled on operating system: Linux"/>
  </testcase>
  <testcase name="test_setAppNameLjava_lang_String" classname="org.eclipse.swt.tests.junit.Test_org_eclipse_swt_widgets_Display" time="0.001"/>
  <testcase name="test_isDisposed" classname="org.eclipse.swt.tests.junit.Test_org_eclipse_swt_widgets_Display" time="0.011"/>
  <testcase name="test_isDisposed" classname="org.eclipse.swt.tests.junit.Test_org_eclipse_swt_graphics_Color" time="0.001"/>
  <testcase name="test_isDisposed" classname="org.eclipse.swt.tests.junit.Test_org_eclipse_swt_graphics_Cursor" time="0.03"/>
  <testcase name="test_isDisposed" classname="org.eclipse.swt.tests.junit.Test_org_eclipse_swt_graphics_Font" time="0.001"/>
  <testcase name="test_isDisposed" classname="org.eclipse.swt.tests.junit.Test_org_eclipse_swt_graphics_GC" time="0.007"/>
  <testcase name="test_isDisposed" classname="org.eclipse.swt.tests.junit.Test_org_eclipse_swt_graphics_Image" time="0.001"/>
  <testcase name="test_isDisposed" classname="org.eclipse.swt.tests.junit.Test_org_eclipse_swt_custom_CCombo" time="0.023"/>
  <testcase name="test_isDisposed" classname="org.eclipse.swt.tests.junit.Test_org_eclipse_swt_custom_CLabel" time="0.008"/>
  <testcase name="test_isDisposed" classname="org.eclipse.swt.tests.junit.Test_org_eclipse_swt_custom_CTabFolder" time="0.007"/>
  <testcase name="test_isDisposed" classname="org.eclipse.swt.tests.junit.Test_org_eclipse_swt_custom_CTabItem" time="0.01"/>
  <testcase name="test_isDisposed" classname="org.eclipse.swt.tests.junit.Test_org_eclipse_swt_custom_StyledText" time="0.016"/>
  <testcase name="test_isDisposed" classname="org.eclipse.swt.tests.junit.Test_org_eclipse_swt_widgets_Button" time="0.012"/>
  <testcase name="test_isDisposed" classname="org.eclipse.swt.tests.junit.Test_org_eclipse_swt_widgets_Canvas" time="0.006"/>
  <testcase name="test_isDisposed" classname="org.eclipse.swt.tests.junit.Test_org_eclipse_swt_widgets_Caret" time="0.009"/>
  <testcase name="test_isDisposed" classname="org.eclipse.swt.tests.junit.Test_org_eclipse_swt_widgets_Combo" time="0.011"/>
  <testcase name="test_isDisposed" classname="org.eclipse.swt.tests.junit.Test_org_eclipse_swt_widgets_Composite" time="0.006"/>
  <testcase name="test_isDisposed" classname="org.eclipse.swt.tests.junit.Test_org_eclipse_swt_widgets_CoolBar" time="0.007"/>
  <testcase name="test_isDisposed" classname="org.eclipse.swt.tests.junit.Test_org_eclipse_swt_widgets_DateTime_Style_CALENDAR" time="0.011"/>
  <testcase name="test_isDisposed" classname="org.eclipse.swt.tests.junit.Test_org_eclipse_swt_widgets_DateTime_Style_DATE" time="0.016"/>
  <testcase name="test_isDisposed" classname="org.eclipse.swt.tests.junit.Test_org_eclipse_swt_widgets_DateTime_Style_TIME" time="0.016"/>
  <testcase name="test_isDisposed" classname="org.eclipse.swt.tests.junit.Test_org_eclipse_swt_widgets_ExpandBar" time="0.01"/>
  <testcase name="test_isDisposed" classname="org.eclipse.swt.tests.junit.Test_org_eclipse_swt_widgets_ExpandItem" time="0.009"/>
  <testcase name="test_isDisposed" classname="org.eclipse.swt.tests.junit.Test_org_eclipse_swt_widgets_Group" time="0.007"/>
  <testcase name="test_isDisposed" classname="org.eclipse.swt.tests.junit.Test_org_eclipse_swt_widgets_Label" time="0.006"/>
  <testcase name="test_isDisposed" classname="org.eclipse.swt.tests.junit.Test_org_eclipse_swt_widgets_Link" time="0.007"/>
  <testcase name="test_isDisposed" classname="org.eclipse.swt.tests.junit.Test_org_eclipse_swt_widgets_List" time="0.01"/>
  <testcase name="test_isDisposed" classname="org.eclipse.swt.tests.junit.Test_org_eclipse_swt_widgets_Menu" time="0.006"/>
  <testcase name="test_isDisposed" classname="org.eclipse.swt.tests.junit.Test_org_eclipse_swt_widgets_MenuItem" time="0.012"/>
  <testcase name="test_isDisposed" classname="org.eclipse.swt.tests.junit.Test_org_eclipse_swt_widgets_ProgressBar" time="0.006"/>
  <testcase name="test_isDisposed" classname="org.eclipse.swt.tests.junit.Test_org_eclipse_swt_widgets_Sash" time="0.009"/>
  <testcase name="test_isDisposed" classname="org.eclipse.swt.tests.junit.Test_org_eclipse_swt_widgets_Scale" time="0.007"/>
  <testcase name="test_isDisposed" classname="org.eclipse.swt.tests.junit.Test_org_eclipse_swt_widgets_ScrollBar" time="0.012"/>
  <testcase name="test_isDisposed" classname="org.eclipse.swt.tests.junit.Test_org_eclipse_swt_widgets_ScrolledComposite" time="0.007"/>
  <testcase name="test_isDisposed" classname="org.eclipse.swt.tests.junit.Test_org_eclipse_swt_widgets_Shell" time="0.012"/>
  <testcase name="test_isDisposed" classname="org.eclipse.swt.tests.junit.Test_org_eclipse_swt_widgets_Slider" time="0.011"/>
  <testcase name="test_isDisposed" classname="org.eclipse.swt.tests.junit.Test_org_eclipse_swt_widgets_Spinner" time="0.011"/>
  <testcase name="test_isDisposed" classname="org.eclipse.swt.tests.junit.Test_org_eclipse_swt_widgets_TabFolder" time="0.011"/>
  <testcase name="test_isDisposed" classname="org.eclipse.swt.tests.junit.Test_org_eclipse_swt_widgets_TabItem" time="0.009"/>
  <testcase name="test_isDisposed" classname="org.eclipse.swt.tests.junit.Test_org_eclipse_swt_widgets_Table" time="0.013"/>
  <testcase name="test_isDisposed" classname="org.eclipse.swt.tests.junit.Test_org_eclipse_swt_widgets_TableColumn" time="0.015"/>
  <testcase name="test_isDisposed" classname="org.eclipse.swt.tests.junit.Test_org_eclipse_swt_widgets_TableItem" time="0.015"/>
  <testcase name="test_isDisposed" classname="org.eclipse.swt.tests.junit.Test_org_eclipse_swt_widgets_Text" time="0.018"/>
  <testcase name="test_isDisposed" classname="org.eclipse.swt.tests.junit.Test_org_eclipse_swt_widgets_ToolBar" time="0.009"/>
  <testcase name="test_isDisposed" classname="org.eclipse.swt.tests.junit.Test_org_eclipse_swt_widgets_ToolItem" time="0.014"/>
  <testcase name="test_isDisposed" classname="org.eclipse.swt.tests.junit.Test_org_eclipse_swt_widgets_Tree" time="0.013"/>
  <testcase name="test_isDisposed" classname="org.eclipse.swt.tests.junit.Test_org_eclipse_swt_widgets_TreeColumn" time="0.015"/>
  <testcase name="test_isDisposed" classname="org.eclipse.swt.tests.junit.Test_org_eclipse_swt_widgets_TreeItem" time="0.015"/>
  <testcase name="test_isDisposed" classname="org.eclipse.swt.tests.junit.Test_org_eclipse_swt_browser_Browser" time="0.598">
    <system-out><![CDATA[Running Test_org_eclipse_swt_browser_Browser#test_isDisposed()

### Descriptors opened BEFORE test_isDisposed(): 41

### Descriptors opened AFTER test_isDisposed(): 43
Delta to previous test: 2

Delta to first test: 13
########################################


### Descriptors opened AFTER test_isDisposed(): 41
]]></system-out>
  </testcase>
  <testcase name="test_isDisposed" classname="org.eclipse.swt.tests.junit.Test_org_eclipse_swt_browser_Browser_IE" time="0.0">
    <skipped message="Disabled on operating system: Linux"/>
  </testcase>
  <testcase name="test_manyDispose" classname="org.eclipse.swt.tests.junit.Test_org_eclipse_swt_widgets_Display" time="4.987"/>
  <testcase name="test_syncCall_SWTException" classname="org.eclipse.swt.tests.junit.Test_org_eclipse_swt_widgets_Display" time="0.021"/>
  <testcase name="test_addListenerILorg_eclipse_swt_widgets_Listener" classname="org.eclipse.swt.tests.junit.Test_org_eclipse_swt_widgets_Display" time="0.041"/>
  <testcase name="test_addListenerILorg_eclipse_swt_widgets_Listener" classname="org.eclipse.swt.tests.junit.Test_org_eclipse_swt_custom_CCombo" time="0.024"/>
  <testcase name="test_addListenerILorg_eclipse_swt_widgets_Listener" classname="org.eclipse.swt.tests.junit.Test_org_eclipse_swt_custom_CLabel" time="0.006"/>
  <testcase name="test_addListenerILorg_eclipse_swt_widgets_Listener" classname="org.eclipse.swt.tests.junit.Test_org_eclipse_swt_custom_CTabFolder" time="0.007"/>
  <testcase name="test_addListenerILorg_eclipse_swt_widgets_Listener" classname="org.eclipse.swt.tests.junit.Test_org_eclipse_swt_custom_CTabItem" time="0.01"/>
  <testcase name="test_addListenerILorg_eclipse_swt_widgets_Listener" classname="org.eclipse.swt.tests.junit.Test_org_eclipse_swt_custom_StyledText" time="0.014"/>
  <testcase name="test_addListenerILorg_eclipse_swt_widgets_Listener" classname="org.eclipse.swt.tests.junit.Test_org_eclipse_swt_widgets_Button" time="0.008"/>
  <testcase name="test_addListenerILorg_eclipse_swt_widgets_Listener" classname="org.eclipse.swt.tests.junit.Test_org_eclipse_swt_widgets_Canvas" time="0.006"/>
  <testcase name="test_addListenerILorg_eclipse_swt_widgets_Listener" classname="org.eclipse.swt.tests.junit.Test_org_eclipse_swt_widgets_Caret" time="0.006"/>
  <testcase name="test_addListenerILorg_eclipse_swt_widgets_Listener" classname="org.eclipse.swt.tests.junit.Test_org_eclipse_swt_widgets_Combo" time="0.011"/>
  <testcase name="test_addListenerILorg_eclipse_swt_widgets_Listener" classname="org.eclipse.swt.tests.junit.Test_org_eclipse_swt_widgets_Composite" time="0.007"/>
  <testcase name="test_addListenerILorg_eclipse_swt_widgets_Listener" classname="org.eclipse.swt.tests.junit.Test_org_eclipse_swt_widgets_CoolBar" time="0.007"/>
  <testcase name="test_addListenerILorg_eclipse_swt_widgets_Listener" classname="org.eclipse.swt.tests.junit.Test_org_eclipse_swt_widgets_DateTime_Style_CALENDAR" time="0.008"/>
  <testcase name="test_addListenerILorg_eclipse_swt_widgets_Listener" classname="org.eclipse.swt.tests.junit.Test_org_eclipse_swt_widgets_DateTime_Style_DATE" time="0.011"/>
  <testcase name="test_addListenerILorg_eclipse_swt_widgets_Listener" classname="org.eclipse.swt.tests.junit.Test_org_eclipse_swt_widgets_DateTime_Style_TIME" time="0.013"/>
  <testcase name="test_addListenerILorg_eclipse_swt_widgets_Listener" classname="org.eclipse.swt.tests.junit.Test_org_eclipse_swt_widgets_ExpandBar" time="0.01"/>
  <testcase name="test_addListenerILorg_eclipse_swt_widgets_Listener" classname="org.eclipse.swt.tests.junit.Test_org_eclipse_swt_widgets_ExpandItem" time="0.011"/>
  <testcase name="test_addListenerILorg_eclipse_swt_widgets_Listener" classname="org.eclipse.swt.tests.junit.Test_org_eclipse_swt_widgets_Group" time="0.008"/>
  <testcase name="test_addListenerILorg_eclipse_swt_widgets_Listener" classname="org.eclipse.swt.tests.junit.Test_org_eclipse_swt_widgets_Label" time="0.007"/>
  <testcase name="test_addListenerILorg_eclipse_swt_widgets_Listener" classname="org.eclipse.swt.tests.junit.Test_org_eclipse_swt_widgets_Link" time="0.006"/>
  <testcase name="test_addListenerILorg_eclipse_swt_widgets_Listener" classname="org.eclipse.swt.tests.junit.Test_org_eclipse_swt_widgets_List" time="0.01"/>
  <testcase name="test_addListenerILorg_eclipse_swt_widgets_Listener" classname="org.eclipse.swt.tests.junit.Test_org_eclipse_swt_widgets_Menu" time="0.006"/>
  <testcase name="test_addListenerILorg_eclipse_swt_widgets_Listener" classname="org.eclipse.swt.tests.junit.Test_org_eclipse_swt_widgets_MenuItem" time="0.012"/>
  <testcase name="test_addListenerILorg_eclipse_swt_widgets_Listener" classname="org.eclipse.swt.tests.junit.Test_org_eclipse_swt_widgets_ProgressBar" time="0.006"/>
  <testcase name="test_addListenerILorg_eclipse_swt_widgets_Listener" classname="org.eclipse.swt.tests.junit.Test_org_eclipse_swt_widgets_Sash" time="0.01"/>
  <testcase name="test_addListenerILorg_eclipse_swt_widgets_Listener" classname="org.eclipse.swt.tests.junit.Test_org_eclipse_swt_widgets_Scale" time="0.007"/>
  <testcase name="test_addListenerILorg_eclipse_swt_widgets_Listener" classname="org.eclipse.swt.tests.junit.Test_org_eclipse_swt_widgets_ScrollBar" time="0.012"/>
  <testcase name="test_addListenerILorg_eclipse_swt_widgets_Listener" classname="org.eclipse.swt.tests.junit.Test_org_eclipse_swt_widgets_ScrolledComposite" time="0.006"/>
  <testcase name="test_addListenerILorg_eclipse_swt_widgets_Listener" classname="org.eclipse.swt.tests.junit.Test_org_eclipse_swt_widgets_Shell" time="0.012"/>
  <testcase name="test_addListenerILorg_eclipse_swt_widgets_Listener" classname="org.eclipse.swt.tests.junit.Test_org_eclipse_swt_widgets_Slider" time="0.008"/>
  <testcase name="test_addListenerILorg_eclipse_swt_widgets_Listener" classname="org.eclipse.swt.tests.junit.Test_org_eclipse_swt_widgets_Spinner" time="0.011"/>
  <testcase name="test_addListenerILorg_eclipse_swt_widgets_Listener" classname="org.eclipse.swt.tests.junit.Test_org_eclipse_swt_widgets_TabFolder" time="0.009"/>
  <testcase name="test_addListenerILorg_eclipse_swt_widgets_Listener" classname="org.eclipse.swt.tests.junit.Test_org_eclipse_swt_widgets_TabItem" time="0.009"/>
  <testcase name="test_addListenerILorg_eclipse_swt_widgets_Listener" classname="org.eclipse.swt.tests.junit.Test_org_eclipse_swt_widgets_Table" time="0.013"/>
  <testcase name="test_addListenerILorg_eclipse_swt_widgets_Listener" classname="org.eclipse.swt.tests.junit.Test_org_eclipse_swt_widgets_TableColumn" time="0.015"/>
  <testcase name="test_addListenerILorg_eclipse_swt_widgets_Listener" classname="org.eclipse.swt.tests.junit.Test_org_eclipse_swt_widgets_TableItem" time="0.016"/>
  <testcase name="test_addListenerILorg_eclipse_swt_widgets_Listener" classname="org.eclipse.swt.tests.junit.Test_org_eclipse_swt_widgets_Text" time="0.017"/>
  <testcase name="test_addListenerILorg_eclipse_swt_widgets_Listener" classname="org.eclipse.swt.tests.junit.Test_org_eclipse_swt_widgets_ToolBar" time="0.008"/>
  <testcase name="test_addListenerILorg_eclipse_swt_widgets_Listener" classname="org.eclipse.swt.tests.junit.Test_org_eclipse_swt_widgets_ToolItem" time="0.01"/>
  <testcase name="test_addListenerILorg_eclipse_swt_widgets_Listener" classname="org.eclipse.swt.tests.junit.Test_org_eclipse_swt_widgets_Tree" time="0.013"/>
  <testcase name="test_addListenerILorg_eclipse_swt_widgets_Listener" classname="org.eclipse.swt.tests.junit.Test_org_eclipse_swt_widgets_TreeColumn" time="0.015"/>
  <testcase name="test_addListenerILorg_eclipse_swt_widgets_Listener" classname="org.eclipse.swt.tests.junit.Test_org_eclipse_swt_widgets_TreeItem" time="0.015"/>
  <testcase name="test_addListenerILorg_eclipse_swt_widgets_Listener" classname="org.eclipse.swt.tests.junit.Test_org_eclipse_swt_browser_Browser" time="0.598">
    <system-out><![CDATA[Running Test_org_eclipse_swt_browser_Browser#test_addListenerILorg_eclipse_swt_widgets_Listener()

### Descriptors opened BEFORE test_addListenerILorg_eclipse_swt_widgets_Listener(): 41

### Descriptors opened AFTER test_addListenerILorg_eclipse_swt_widgets_Listener(): 43
Delta to previous test: 2

Delta to first test: 13
########################################


### Descriptors opened AFTER test_addListenerILorg_eclipse_swt_widgets_Listener(): 41
]]></system-out>
  </testcase>
  <testcase name="test_addListenerILorg_eclipse_swt_widgets_Listener" classname="org.eclipse.swt.tests.junit.Test_org_eclipse_swt_browser_Browser_IE" time="0.0">
    <skipped message="Disabled on operating system: Linux"/>
  </testcase>
  <testcase name="test_getWarnings" classname="org.eclipse.swt.tests.junit.Test_org_eclipse_swt_widgets_Display" time="0.021"/>
  <testcase name="test_setSynchronizerLorg_eclipse_swt_widgets_Synchronizer" classname="org.eclipse.swt.tests.junit.Test_org_eclipse_swt_widgets_Display" time="0.025"/>
  <testcase name="test_removeFilterILorg_eclipse_swt_widgets_Listener" classname="org.eclipse.swt.tests.junit.Test_org_eclipse_swt_widgets_Display" time="0.023"/>
  <testcase name="test_syncExecLjava_lang_Runnable" classname="org.eclipse.swt.tests.junit.Test_org_eclipse_swt_widgets_Display" time="0.02"/>
  <testcase name="test_getDoubleClickTime" classname="org.eclipse.swt.tests.junit.Test_org_eclipse_swt_widgets_Display" time="0.021"/>
  <testcase name="test_syncCall_RuntimeException" classname="org.eclipse.swt.tests.junit.Test_org_eclipse_swt_widgets_Display" time="0.035"/>
  <testcase name="test_setWarningsZ" classname="org.eclipse.swt.tests.junit.Test_org_eclipse_swt_widgets_Display" time="0.029"/>
  <testcase name="test_beep" classname="org.eclipse.swt.tests.junit.Test_org_eclipse_swt_widgets_Display" time="0.026"/>
  <testcase name="test_wake" classname="org.eclipse.swt.tests.junit.Test_org_eclipse_swt_widgets_Display" time="0.002"/>
  <testcase name="test_syncCall_Exception" classname="org.eclipse.swt.tests.junit.Test_org_eclipse_swt_widgets_Display" time="0.025"/>
  <testcase name="test_mapLorg_eclipse_swt_widgets_ControlLorg_eclipse_swt_widgets_ControlII" classname="org.eclipse.swt.tests.junit.Test_org_eclipse_swt_widgets_Display" time="0.202"/>
  <testcase name="test_getSystemColorI" classname="org.eclipse.swt.tests.junit.Test_org_eclipse_swt_widgets_Display" time="0.027"/>
  <testcase name="test_asyncExecLjava_lang_Runnable_dispose" classname="org.eclipse.swt.tests.junit.Test_org_eclipse_swt_widgets_Display" time="0.032"/>
  <testcase name="test_getSystemFont" classname="org.eclipse.swt.tests.junit.Test_org_eclipse_swt_widgets_Display" time="0.022"/>
  <testcase name="test_isSystemDarkTheme" classname="org.eclipse.swt.tests.junit.Test_org_eclipse_swt_widgets_Display" time="0.002">
    <system-out><![CDATA[org.eclipse.swt.widgets.Display.isSystemDarkTheme(): false
]]></system-out>
  </testcase>
  <testcase name="test_getDPI" classname="org.eclipse.swt.tests.junit.Test_org_eclipse_swt_widgets_Display" time="0.025"/>
  <testcase name="test_getDPI" classname="org.eclipse.swt.tests.junit.Test_org_eclipse_swt_printing_Printer" time="0.0">
    <skipped type="org.opentest4j.TestAbortedException"><![CDATA[org.opentest4j.TestAbortedException: Assumption failed: if there aren't any printers, don't do this test
	at org.junit.jupiter.api.Assumptions.throwAssumptionFailed(Assumptions.java:321)
	at org.junit.jupiter.api.Assumptions.assumeTrue(Assumptions.java:120)
	at org.eclipse.swt.tests.junit.Test_org_eclipse_swt_printing_Printer.test_getDPI(Test_org_eclipse_swt_printing_Printer.java:113)
	at java.base/java.lang.reflect.Method.invoke(Method.java:580)
	at java.base/java.util.ArrayList.forEach(ArrayList.java:1596)
	at java.base/java.util.ArrayList.forEach(ArrayList.java:1596)
]]></skipped>
  </testcase>
  <testcase name="test_getDismissalAlignment" classname="org.eclipse.swt.tests.junit.Test_org_eclipse_swt_widgets_Display" time="0.021"/>
  <testcase name="test_syncCall_concurrentCallable_Exception" classname="org.eclipse.swt.tests.junit.Test_org_eclipse_swt_widgets_Display" time="0.023"/>
  <testcase name="test_readAndDispatch" classname="org.eclipse.swt.tests.junit.Test_org_eclipse_swt_widgets_Display" time="0.002"/>
  <testcase name="test_getClientArea" classname="org.eclipse.swt.tests.junit.Test_org_eclipse_swt_widgets_Display" time="0.022"/>
  <testcase name="test_getClientArea" classname="org.eclipse.swt.tests.junit.Test_org_eclipse_swt_printing_Printer" time="0.0">
    <skipped type="org.opentest4j.TestAbortedException"><![CDATA[org.opentest4j.TestAbortedException: Assumption failed: if there aren't any printers, don't do this test
	at org.junit.jupiter.api.Assumptions.throwAssumptionFailed(Assumptions.java:321)
	at org.junit.jupiter.api.Assumptions.assumeTrue(Assumptions.java:120)
	at org.eclipse.swt.tests.junit.Test_org_eclipse_swt_printing_Printer.test_getClientArea(Test_org_eclipse_swt_printing_Printer.java:103)
	at java.base/java.lang.reflect.Method.invoke(Method.java:580)
	at java.base/java.util.ArrayList.forEach(ArrayList.java:1596)
	at java.base/java.util.ArrayList.forEach(ArrayList.java:1596)
]]></skipped>
  </testcase>
  <testcase name="test_getClientArea" classname="org.eclipse.swt.tests.junit.Test_org_eclipse_swt_custom_CCombo" time="0.025"/>
  <testcase name="test_getClientArea" classname="org.eclipse.swt.tests.junit.Test_org_eclipse_swt_custom_CLabel" time="0.007"/>
  <testcase name="test_getClientArea" classname="org.eclipse.swt.tests.junit.Test_org_eclipse_swt_custom_CTabFolder" time="0.007"/>
  <testcase name="test_getClientArea" classname="org.eclipse.swt.tests.junit.Test_org_eclipse_swt_custom_StyledText" time="0.008"/>
  <testcase name="test_getClientArea" classname="org.eclipse.swt.tests.junit.Test_org_eclipse_swt_widgets_Canvas" time="0.007"/>
  <testcase name="test_getClientArea" classname="org.eclipse.swt.tests.junit.Test_org_eclipse_swt_widgets_Combo" time="0.011"/>
  <testcase name="test_getClientArea" classname="org.eclipse.swt.tests.junit.Test_org_eclipse_swt_widgets_Composite" time="0.006"/>
  <testcase name="test_getClientArea" classname="org.eclipse.swt.tests.junit.Test_org_eclipse_swt_widgets_CoolBar" time="0.007"/>
  <testcase name="test_getClientArea" classname="org.eclipse.swt.tests.junit.Test_org_eclipse_swt_widgets_ExpandBar" time="0.007"/>
  <testcase name="test_getClientArea" classname="org.eclipse.swt.tests.junit.Test_org_eclipse_swt_widgets_Group" time="0.007"/>
  <testcase name="test_getClientArea" classname="org.eclipse.swt.tests.junit.Test_org_eclipse_swt_widgets_List" time="0.009"/>
  <testcase name="test_getClientArea" classname="org.eclipse.swt.tests.junit.Test_org_eclipse_swt_widgets_Monitor" time="0.0"/>
  <testcase name="test_getClientArea" classname="org.eclipse.swt.tests.junit.Test_org_eclipse_swt_widgets_ScrolledComposite" time="0.006"/>
  <testcase name="test_getClientArea" classname="org.eclipse.swt.tests.junit.Test_org_eclipse_swt_widgets_Shell" time="0.012"/>
  <testcase name="test_getClientArea" classname="org.eclipse.swt.tests.junit.Test_org_eclipse_swt_widgets_Spinner" time="0.011"/>
  <testcase name="test_getClientArea" classname="org.eclipse.swt.tests.junit.Test_org_eclipse_swt_widgets_TabFolder" time="0.007"/>
  <testcase name="test_getClientArea" classname="org.eclipse.swt.tests.junit.Test_org_eclipse_swt_widgets_Table" time="0.014"/>
  <testcase name="test_getClientArea" classname="org.eclipse.swt.tests.junit.Test_org_eclipse_swt_widgets_Text" time="0.016"/>
  <testcase name="test_getClientArea" classname="org.eclipse.swt.tests.junit.Test_org_eclipse_swt_widgets_ToolBar" time="0.007"/>
  <testcase name="test_getClientArea" classname="org.eclipse.swt.tests.junit.Test_org_eclipse_swt_widgets_Tree" time="0.014"/>
  <testcase name="test_getClientArea" classname="org.eclipse.swt.tests.junit.Test_org_eclipse_swt_browser_Browser" time="0.599">
    <system-out><![CDATA[Running Test_org_eclipse_swt_browser_Browser#test_getClientArea()

### Descriptors opened BEFORE test_getClientArea(): 41

### Descriptors opened AFTER test_getClientArea(): 43
Delta to previous test: 2

Delta to first test: 13
########################################


### Descriptors opened AFTER test_getClientArea(): 41
]]></system-out>
  </testcase>
  <testcase name="test_getClientArea" classname="org.eclipse.swt.tests.junit.Test_org_eclipse_swt_browser_Browser_IE" time="0.0">
    <skipped message="Disabled on operating system: Linux"/>
  </testcase>
  <testcase name="test_update" classname="org.eclipse.swt.tests.junit.Test_org_eclipse_swt_widgets_Display" time="0.022"/>
  <testcase name="test_update" classname="org.eclipse.swt.tests.junit.Test_org_eclipse_swt_custom_CCombo" time="0.024"/>
  <testcase name="test_update" classname="org.eclipse.swt.tests.junit.Test_org_eclipse_swt_custom_CLabel" time="0.007"/>
  <testcase name="test_update" classname="org.eclipse.swt.tests.junit.Test_org_eclipse_swt_custom_CTabFolder" time="0.007"/>
  <testcase name="test_update" classname="org.eclipse.swt.tests.junit.Test_org_eclipse_swt_custom_StyledText" time="0.008"/>
  <testcase name="test_update" classname="org.eclipse.swt.tests.junit.Test_org_eclipse_swt_widgets_Button" time="0.008"/>
  <testcase name="test_update" classname="org.eclipse.swt.tests.junit.Test_org_eclipse_swt_widgets_Canvas" time="0.006"/>
  <testcase name="test_update" classname="org.eclipse.swt.tests.junit.Test_org_eclipse_swt_widgets_Combo" time="0.01"/>
  <testcase name="test_update" classname="org.eclipse.swt.tests.junit.Test_org_eclipse_swt_widgets_Composite" time="0.006"/>
  <testcase name="test_update" classname="org.eclipse.swt.tests.junit.Test_org_eclipse_swt_widgets_CoolBar" time="0.007"/>
  <testcase name="test_update" classname="org.eclipse.swt.tests.junit.Test_org_eclipse_swt_widgets_DateTime_Style_CALENDAR" time="0.007"/>
  <testcase name="test_update" classname="org.eclipse.swt.tests.junit.Test_org_eclipse_swt_widgets_DateTime_Style_DATE" time="0.011"/>
  <testcase name="test_update" classname="org.eclipse.swt.tests.junit.Test_org_eclipse_swt_widgets_DateTime_Style_TIME" time="0.011"/>
  <testcase name="test_update" classname="org.eclipse.swt.tests.junit.Test_org_eclipse_swt_widgets_ExpandBar" time="0.006"/>
  <testcase name="test_update" classname="org.eclipse.swt.tests.junit.Test_org_eclipse_swt_widgets_Group" time="0.007"/>
  <testcase name="test_update" classname="org.eclipse.swt.tests.junit.Test_org_eclipse_swt_widgets_Label" time="0.007"/>
  <testcase name="test_update" classname="org.eclipse.swt.tests.junit.Test_org_eclipse_swt_widgets_Link" time="0.006"/>
  <testcase name="test_update" classname="org.eclipse.swt.tests.junit.Test_org_eclipse_swt_widgets_List" time="0.009"/>
  <testcase name="test_update" classname="org.eclipse.swt.tests.junit.Test_org_eclipse_swt_widgets_ProgressBar" time="0.007"/>
  <testcase name="test_update" classname="org.eclipse.swt.tests.junit.Test_org_eclipse_swt_widgets_Sash" time="0.006"/>
  <testcase name="test_update" classname="org.eclipse.swt.tests.junit.Test_org_eclipse_swt_widgets_Scale" time="0.006"/>
  <testcase name="test_update" classname="org.eclipse.swt.tests.junit.Test_org_eclipse_swt_widgets_ScrolledComposite" time="0.007"/>
  <testcase name="test_update" classname="org.eclipse.swt.tests.junit.Test_org_eclipse_swt_widgets_Shell" time="0.012"/>
  <testcase name="test_update" classname="org.eclipse.swt.tests.junit.Test_org_eclipse_swt_widgets_Slider" time="0.007"/>
  <testcase name="test_update" classname="org.eclipse.swt.tests.junit.Test_org_eclipse_swt_widgets_Spinner" time="0.021"/>
  <testcase name="test_update" classname="org.eclipse.swt.tests.junit.Test_org_eclipse_swt_widgets_TabFolder" time="0.007"/>
  <testcase name="test_update" classname="org.eclipse.swt.tests.junit.Test_org_eclipse_swt_widgets_Table" time="0.013"/>
  <testcase name="test_update" classname="org.eclipse.swt.tests.junit.Test_org_eclipse_swt_widgets_Text" time="0.017"/>
  <testcase name="test_update" classname="org.eclipse.swt.tests.junit.Test_org_eclipse_swt_widgets_ToolBar" time="0.008"/>
  <testcase name="test_update" classname="org.eclipse.swt.tests.junit.Test_org_eclipse_swt_widgets_Tree" time="0.013"/>
  <testcase name="test_update" classname="org.eclipse.swt.tests.junit.Test_org_eclipse_swt_browser_Browser" time="0.601">
    <system-out><![CDATA[Running Test_org_eclipse_swt_browser_Browser#test_update()

### Descriptors opened BEFORE test_update(): 43

### Descriptors opened AFTER test_update(): 45
Delta to previous test: 2

Delta to first test: 15
########################################


### Descriptors opened AFTER test_update(): 43
]]></system-out>
  </testcase>
  <testcase name="test_update" classname="org.eclipse.swt.tests.junit.Test_org_eclipse_swt_browser_Browser_IE" time="0.0">
    <skipped message="Disabled on operating system: Linux"/>
  </testcase>
  <testcase name="test_getPrimaryMonitor" classname="org.eclipse.swt.tests.junit.Test_org_eclipse_swt_widgets_Display" time="0.022"/>
  <testcase name="test_postLorg_eclipse_swt_widgets_Event" classname="org.eclipse.swt.tests.junit.Test_org_eclipse_swt_widgets_Display" time="0.569"/>
  <testcase name="test_getBounds" classname="org.eclipse.swt.tests.junit.Test_org_eclipse_swt_widgets_Display" time="0.026"/>
  <testcase name="test_getBounds" classname="org.eclipse.swt.tests.junit.Test_org_eclipse_swt_printing_Printer" time="0.0">
    <skipped type="org.opentest4j.TestAbortedException"><![CDATA[org.opentest4j.TestAbortedException: Assumption failed: if there aren't any printers, don't do this test
	at org.junit.jupiter.api.Assumptions.throwAssumptionFailed(Assumptions.java:321)
	at org.junit.jupiter.api.Assumptions.assumeTrue(Assumptions.java:120)
	at org.eclipse.swt.tests.junit.Test_org_eclipse_swt_printing_Printer.test_getBounds(Test_org_eclipse_swt_printing_Printer.java:93)
	at java.base/java.lang.reflect.Method.invoke(Method.java:580)
	at java.base/java.util.ArrayList.forEach(ArrayList.java:1596)
	at java.base/java.util.ArrayList.forEach(ArrayList.java:1596)
]]></skipped>
  </testcase>
  <testcase name="test_getBounds" classname="org.eclipse.swt.tests.junit.Test_org_eclipse_swt_graphics_Image" time="0.002"/>
  <testcase name="test_getBounds" classname="org.eclipse.swt.tests.junit.Test_org_eclipse_swt_graphics_Region" time="0.001"/>
  <testcase name="test_getBounds" classname="org.eclipse.swt.tests.junit.Test_org_eclipse_swt_widgets_Caret" time="0.006"/>
  <testcase name="test_getBounds" classname="org.eclipse.swt.tests.junit.Test_org_eclipse_swt_widgets_Monitor" time="0.001"/>
  <testcase name="test_getBounds" classname="org.eclipse.swt.tests.junit.Test_org_eclipse_swt_widgets_TreeItem" time="0.015"/>
  <testcase name="test_getCursorLocation" classname="org.eclipse.swt.tests.junit.Test_org_eclipse_swt_widgets_Display" time="0.024"/>
  <testcase name="test_setCursorLocationLorg_eclipse_swt_graphics_Point(TestInfo)" classname="org.eclipse.swt.tests.junit.Test_org_eclipse_swt_widgets_Display" time="0.182"/>
  <testcase name="test_ConstructorLorg_eclipse_swt_graphics_DeviceData" classname="org.eclipse.swt.tests.junit.Test_org_eclipse_swt_widgets_Display" time="0.042"/>
  <testcase name="test_syncCall" classname="org.eclipse.swt.tests.junit.Test_org_eclipse_swt_widgets_Display" time="0.024"/>
  <testcase name="test_getActiveShell" classname="org.eclipse.swt.tests.junit.Test_org_eclipse_swt_widgets_Display" time="0.189"/>
  <testcase name="test_removeListenerILorg_eclipse_swt_widgets_Listener" classname="org.eclipse.swt.tests.junit.Test_org_eclipse_swt_widgets_Display" time="0.025"/>
  <testcase name="test_removeListenerILorg_eclipse_swt_widgets_Listener" classname="org.eclipse.swt.tests.junit.Test_org_eclipse_swt_custom_CCombo" time="0.025"/>
  <testcase name="test_removeListenerILorg_eclipse_swt_widgets_Listener" classname="org.eclipse.swt.tests.junit.Test_org_eclipse_swt_custom_CLabel" time="0.006"/>
  <testcase name="test_removeListenerILorg_eclipse_swt_widgets_Listener" classname="org.eclipse.swt.tests.junit.Test_org_eclipse_swt_custom_CTabFolder" time="0.011"/>
  <testcase name="test_removeListenerILorg_eclipse_swt_widgets_Listener" classname="org.eclipse.swt.tests.junit.Test_org_eclipse_swt_custom_CTabItem" time="0.01"/>
  <testcase name="test_removeListenerILorg_eclipse_swt_widgets_Listener" classname="org.eclipse.swt.tests.junit.Test_org_eclipse_swt_custom_StyledText" time="0.01"/>
  <testcase name="test_removeListenerILorg_eclipse_swt_widgets_Listener" classname="org.eclipse.swt.tests.junit.Test_org_eclipse_swt_widgets_Button" time="0.007"/>
  <testcase name="test_removeListenerILorg_eclipse_swt_widgets_Listener" classname="org.eclipse.swt.tests.junit.Test_org_eclipse_swt_widgets_Canvas" time="0.007"/>
  <testcase name="test_removeListenerILorg_eclipse_swt_widgets_Listener" classname="org.eclipse.swt.tests.junit.Test_org_eclipse_swt_widgets_Caret" time="0.007"/>
  <testcase name="test_removeListenerILorg_eclipse_swt_widgets_Listener" classname="org.eclipse.swt.tests.junit.Test_org_eclipse_swt_widgets_Combo" time="0.01"/>
  <testcase name="test_removeListenerILorg_eclipse_swt_widgets_Listener" classname="org.eclipse.swt.tests.junit.Test_org_eclipse_swt_widgets_Composite" time="0.006"/>
  <testcase name="test_removeListenerILorg_eclipse_swt_widgets_Listener" classname="org.eclipse.swt.tests.junit.Test_org_eclipse_swt_widgets_CoolBar" time="0.006"/>
  <testcase name="test_removeListenerILorg_eclipse_swt_widgets_Listener" classname="org.eclipse.swt.tests.junit.Test_org_eclipse_swt_widgets_DateTime_Style_CALENDAR" time="0.008"/>
  <testcase name="test_removeListenerILorg_eclipse_swt_widgets_Listener" classname="org.eclipse.swt.tests.junit.Test_org_eclipse_swt_widgets_DateTime_Style_DATE" time="0.01"/>
  <testcase name="test_removeListenerILorg_eclipse_swt_widgets_Listener" classname="org.eclipse.swt.tests.junit.Test_org_eclipse_swt_widgets_DateTime_Style_TIME" time="0.011"/>
  <testcase name="test_removeListenerILorg_eclipse_swt_widgets_Listener" classname="org.eclipse.swt.tests.junit.Test_org_eclipse_swt_widgets_ExpandBar" time="0.011"/>
  <testcase name="test_removeListenerILorg_eclipse_swt_widgets_Listener" classname="org.eclipse.swt.tests.junit.Test_org_eclipse_swt_widgets_ExpandItem" time="0.009"/>
  <testcase name="test_removeListenerILorg_eclipse_swt_widgets_Listener" classname="org.eclipse.swt.tests.junit.Test_org_eclipse_swt_widgets_Group" time="0.008"/>
  <testcase name="test_removeListenerILorg_eclipse_swt_widgets_Listener" classname="org.eclipse.swt.tests.junit.Test_org_eclipse_swt_widgets_Label" time="0.007"/>
  <testcase name="test_removeListenerILorg_eclipse_swt_widgets_Listener" classname="org.eclipse.swt.tests.junit.Test_org_eclipse_swt_widgets_Link" time="0.006"/>
  <testcase name="test_removeListenerILorg_eclipse_swt_widgets_Listener" classname="org.eclipse.swt.tests.junit.Test_org_eclipse_swt_widgets_List" time="0.01"/>
  <testcase name="test_removeListenerILorg_eclipse_swt_widgets_Listener" classname="org.eclipse.swt.tests.junit.Test_org_eclipse_swt_widgets_Menu" time="0.006"/>
  <testcase name="test_removeListenerILorg_eclipse_swt_widgets_Listener" classname="org.eclipse.swt.tests.junit.Test_org_eclipse_swt_widgets_MenuItem" time="0.01"/>
  <testcase name="test_removeListenerILorg_eclipse_swt_widgets_Listener" classname="org.eclipse.swt.tests.junit.Test_org_eclipse_swt_widgets_ProgressBar" time="0.006"/>
  <testcase name="test_removeListenerILorg_eclipse_swt_widgets_Listener" classname="org.eclipse.swt.tests.junit.Test_org_eclipse_swt_widgets_Sash" time="0.009"/>
  <testcase name="test_removeListenerILorg_eclipse_swt_widgets_Listener" classname="org.eclipse.swt.tests.junit.Test_org_eclipse_swt_widgets_Scale" time="0.007"/>
  <testcase name="test_removeListenerILorg_eclipse_swt_widgets_Listener" classname="org.eclipse.swt.tests.junit.Test_org_eclipse_swt_widgets_ScrollBar" time="0.013"/>
  <testcase name="test_removeListenerILorg_eclipse_swt_widgets_Listener" classname="org.eclipse.swt.tests.junit.Test_org_eclipse_swt_widgets_ScrolledComposite" time="0.006"/>
  <testcase name="test_removeListenerILorg_eclipse_swt_widgets_Listener" classname="org.eclipse.swt.tests.junit.Test_org_eclipse_swt_widgets_Shell" time="0.012"/>
  <testcase name="test_removeListenerILorg_eclipse_swt_widgets_Listener" classname="org.eclipse.swt.tests.junit.Test_org_eclipse_swt_widgets_Slider" time="0.007"/>
  <testcase name="test_removeListenerILorg_eclipse_swt_widgets_Listener" classname="org.eclipse.swt.tests.junit.Test_org_eclipse_swt_widgets_Spinner" time="0.011"/>
  <testcase name="test_removeListenerILorg_eclipse_swt_widgets_Listener" classname="org.eclipse.swt.tests.junit.Test_org_eclipse_swt_widgets_TabFolder" time="0.007"/>
  <testcase name="test_removeListenerILorg_eclipse_swt_widgets_Listener" classname="org.eclipse.swt.tests.junit.Test_org_eclipse_swt_widgets_TabItem" time="0.012"/>
  <testcase name="test_removeListenerILorg_eclipse_swt_widgets_Listener" classname="org.eclipse.swt.tests.junit.Test_org_eclipse_swt_widgets_Table" time="0.014"/>
  <testcase name="test_removeListenerILorg_eclipse_swt_widgets_Listener" classname="org.eclipse.swt.tests.junit.Test_org_eclipse_swt_widgets_TableColumn" time="0.015"/>
  <testcase name="test_removeListenerILorg_eclipse_swt_widgets_Listener" classname="org.eclipse.swt.tests.junit.Test_org_eclipse_swt_widgets_TableItem" time="0.014"/>
  <testcase name="test_removeListenerILorg_eclipse_swt_widgets_Listener" classname="org.eclipse.swt.tests.junit.Test_org_eclipse_swt_widgets_Text" time="0.018"/>
  <testcase name="test_removeListenerILorg_eclipse_swt_widgets_Listener" classname="org.eclipse.swt.tests.junit.Test_org_eclipse_swt_widgets_ToolBar" time="0.007"/>
  <testcase name="test_removeListenerILorg_eclipse_swt_widgets_Listener" classname="org.eclipse.swt.tests.junit.Test_org_eclipse_swt_widgets_ToolItem" time="0.01"/>
  <testcase name="test_removeListenerILorg_eclipse_swt_widgets_Listener" classname="org.eclipse.swt.tests.junit.Test_org_eclipse_swt_widgets_Tree" time="0.013"/>
  <testcase name="test_removeListenerILorg_eclipse_swt_widgets_Listener" classname="org.eclipse.swt.tests.junit.Test_org_eclipse_swt_widgets_TreeColumn" time="0.015"/>
  <testcase name="test_removeListenerILorg_eclipse_swt_widgets_Listener" classname="org.eclipse.swt.tests.junit.Test_org_eclipse_swt_widgets_TreeItem" time="0.017"/>
  <testcase name="test_removeListenerILorg_eclipse_swt_widgets_Listener" classname="org.eclipse.swt.tests.junit.Test_org_eclipse_swt_browser_Browser" time="0.599">
    <system-out><![CDATA[Running Test_org_eclipse_swt_browser_Browser#test_removeListenerILorg_eclipse_swt_widgets_Listener()

### Descriptors opened BEFORE test_removeListenerILorg_eclipse_swt_widgets_Listener(): 41

### Descriptors opened AFTER test_removeListenerILorg_eclipse_swt_widgets_Listener(): 43
Delta to previous test: 2

Delta to first test: 13
########################################


### Descriptors opened AFTER test_removeListenerILorg_eclipse_swt_widgets_Listener(): 41
]]></system-out>
  </testcase>
  <testcase name="test_removeListenerILorg_eclipse_swt_widgets_Listener" classname="org.eclipse.swt.tests.junit.Test_org_eclipse_swt_browser_Browser_IE" time="0.0">
    <skipped message="Disabled on operating system: Linux"/>
  </testcase>
  <testcase name="test_getDepth" classname="org.eclipse.swt.tests.junit.Test_org_eclipse_swt_widgets_Display" time="0.022"/>
  <testcase name="test_getFocusControl" classname="org.eclipse.swt.tests.junit.Test_org_eclipse_swt_widgets_Display" time="0.024"/>
  <testcase name="test_getCursorControl" classname="org.eclipse.swt.tests.junit.Test_org_eclipse_swt_widgets_Display" time="0.024"/>
  <testcase name="test_getSyncThread" classname="org.eclipse.swt.tests.junit.Test_org_eclipse_swt_widgets_Display" time="0.127"/>
  <testcase name="test_Executor" classname="org.eclipse.swt.tests.junit.Test_org_eclipse_swt_widgets_Display" time="0.042"/>
  <testcase name="test_getShells" classname="org.eclipse.swt.tests.junit.Test_org_eclipse_swt_widgets_Display" time="0.04"/>
  <testcase name="test_getShells" classname="org.eclipse.swt.tests.junit.Test_org_eclipse_swt_widgets_Shell" time="0.018"/>
  <testcase name="test_getThread" classname="org.eclipse.swt.tests.junit.Test_org_eclipse_swt_widgets_Display" time="0.021"/>
  <testcase name="test_getCurrent" classname="org.eclipse.swt.tests.junit.Test_org_eclipse_swt_widgets_Display" time="0.022"/>
  <testcase name="test_addFilterILorg_eclipse_swt_widgets_Listener" classname="org.eclipse.swt.tests.junit.Test_org_eclipse_swt_widgets_Display" time="0.022"/>
  <testcase name="test_mapLorg_eclipse_swt_widgets_ControlLorg_eclipse_swt_widgets_ControlLorg_eclipse_swt_graphics_Point" classname="org.eclipse.swt.tests.junit.Test_org_eclipse_swt_widgets_Display" time="0.147"/>
  <testcase name="test_disposeExecLjava_lang_Runnable" classname="org.eclipse.swt.tests.junit.Test_org_eclipse_swt_widgets_Display" time="0.027"/>
  <testcase name="test_getDefault" classname="org.eclipse.swt.tests.junit.Test_org_eclipse_swt_widgets_Display" time="0.022"/>
  <testcase name="test_timerExecILjava_lang_Runnable" classname="org.eclipse.swt.tests.junit.Test_org_eclipse_swt_widgets_Display" time="3.028"/>
  <testcase name="test_setCursorLocationII(TestInfo)" classname="org.eclipse.swt.tests.junit.Test_org_eclipse_swt_widgets_Display" time="0.181"/>
  <testcase name="test_findDisplayLjava_lang_Thread" classname="org.eclipse.swt.tests.junit.Test_org_eclipse_swt_widgets_Display" time="0.033"/>
  <testcase name="test_syncCall_concurrentCallable" classname="org.eclipse.swt.tests.junit.Test_org_eclipse_swt_widgets_Display" time="0.02"/>
  <testcase name="test_mapLorg_eclipse_swt_widgets_ControlLorg_eclipse_swt_widgets_ControlLorg_eclipse_swt_graphics_Rectangle" classname="org.eclipse.swt.tests.junit.Test_org_eclipse_swt_widgets_Display" time="0.147"/>
  <testcase name="test_setDataLjava_lang_Object" classname="org.eclipse.swt.tests.junit.Test_org_eclipse_swt_widgets_Display" time="0.022"/>
  <testcase name="test_setDataLjava_lang_Object" classname="org.eclipse.swt.tests.junit.Test_org_eclipse_swt_custom_CCombo" time="0.026"/>
  <testcase name="test_setDataLjava_lang_Object" classname="org.eclipse.swt.tests.junit.Test_org_eclipse_swt_custom_CLabel" time="0.006"/>
  <testcase name="test_setDataLjava_lang_Object" classname="org.eclipse.swt.tests.junit.Test_org_eclipse_swt_custom_CTabFolder" time="0.007"/>
  <testcase name="test_setDataLjava_lang_Object" classname="org.eclipse.swt.tests.junit.Test_org_eclipse_swt_custom_CTabItem" time="0.014"/>
  <testcase name="test_setDataLjava_lang_Object" classname="org.eclipse.swt.tests.junit.Test_org_eclipse_swt_custom_StyledText" time="0.009"/>
  <testcase name="test_setDataLjava_lang_Object" classname="org.eclipse.swt.tests.junit.Test_org_eclipse_swt_widgets_Button" time="0.007"/>
  <testcase name="test_setDataLjava_lang_Object" classname="org.eclipse.swt.tests.junit.Test_org_eclipse_swt_widgets_Canvas" time="0.006"/>
  <testcase name="test_setDataLjava_lang_Object" classname="org.eclipse.swt.tests.junit.Test_org_eclipse_swt_widgets_Caret" time="0.007"/>
  <testcase name="test_setDataLjava_lang_Object" classname="org.eclipse.swt.tests.junit.Test_org_eclipse_swt_widgets_Combo" time="0.011"/>
  <testcase name="test_setDataLjava_lang_Object" classname="org.eclipse.swt.tests.junit.Test_org_eclipse_swt_widgets_Composite" time="0.007"/>
  <testcase name="test_setDataLjava_lang_Object" classname="org.eclipse.swt.tests.junit.Test_org_eclipse_swt_widgets_CoolBar" time="0.006"/>
  <testcase name="test_setDataLjava_lang_Object" classname="org.eclipse.swt.tests.junit.Test_org_eclipse_swt_widgets_DateTime_Style_CALENDAR" time="0.007"/>
  <testcase name="test_setDataLjava_lang_Object" classname="org.eclipse.swt.tests.junit.Test_org_eclipse_swt_widgets_DateTime_Style_DATE" time="0.011"/>
  <testcase name="test_setDataLjava_lang_Object" classname="org.eclipse.swt.tests.junit.Test_org_eclipse_swt_widgets_DateTime_Style_TIME" time="0.011"/>
  <testcase name="test_setDataLjava_lang_Object" classname="org.eclipse.swt.tests.junit.Test_org_eclipse_swt_widgets_ExpandBar" time="0.007"/>
  <testcase name="test_setDataLjava_lang_Object" classname="org.eclipse.swt.tests.junit.Test_org_eclipse_swt_widgets_ExpandItem" time="0.014"/>
  <testcase name="test_setDataLjava_lang_Object" classname="org.eclipse.swt.tests.junit.Test_org_eclipse_swt_widgets_Group" time="0.007"/>
  <testcase name="test_setDataLjava_lang_Object" classname="org.eclipse.swt.tests.junit.Test_org_eclipse_swt_widgets_Label" time="0.006"/>
  <testcase name="test_setDataLjava_lang_Object" classname="org.eclipse.swt.tests.junit.Test_org_eclipse_swt_widgets_Link" time="0.006"/>
  <testcase name="test_setDataLjava_lang_Object" classname="org.eclipse.swt.tests.junit.Test_org_eclipse_swt_widgets_List" time="0.01"/>
  <testcase name="test_setDataLjava_lang_Object" classname="org.eclipse.swt.tests.junit.Test_org_eclipse_swt_widgets_Menu" time="0.006"/>
  <testcase name="test_setDataLjava_lang_Object" classname="org.eclipse.swt.tests.junit.Test_org_eclipse_swt_widgets_MenuItem" time="0.008"/>
  <testcase name="test_setDataLjava_lang_Object" classname="org.eclipse.swt.tests.junit.Test_org_eclipse_swt_widgets_ProgressBar" time="0.006"/>
  <testcase name="test_setDataLjava_lang_Object" classname="org.eclipse.swt.tests.junit.Test_org_eclipse_swt_widgets_Sash" time="0.006"/>
  <testcase name="test_setDataLjava_lang_Object" classname="org.eclipse.swt.tests.junit.Test_org_eclipse_swt_widgets_Scale" time="0.007"/>
  <testcase name="test_setDataLjava_lang_Object" classname="org.eclipse.swt.tests.junit.Test_org_eclipse_swt_widgets_ScrollBar" time="0.018"/>
  <testcase name="test_setDataLjava_lang_Object" classname="org.eclipse.swt.tests.junit.Test_org_eclipse_swt_widgets_ScrolledComposite" time="0.006"/>
  <testcase name="test_setDataLjava_lang_Object" classname="org.eclipse.swt.tests.junit.Test_org_eclipse_swt_widgets_Shell" time="0.012"/>
  <testcase name="test_setDataLjava_lang_Object" classname="org.eclipse.swt.tests.junit.Test_org_eclipse_swt_widgets_Slider" time="0.007"/>
  <testcase name="test_setDataLjava_lang_Object" classname="org.eclipse.swt.tests.junit.Test_org_eclipse_swt_widgets_Spinner" time="0.01"/>
  <testcase name="test_setDataLjava_lang_Object" classname="org.eclipse.swt.tests.junit.Test_org_eclipse_swt_widgets_TabFolder" time="0.007"/>
  <testcase name="test_setDataLjava_lang_Object" classname="org.eclipse.swt.tests.junit.Test_org_eclipse_swt_widgets_TabItem" time="0.009"/>
  <testcase name="test_setDataLjava_lang_Object" classname="org.eclipse.swt.tests.junit.Test_org_eclipse_swt_widgets_Table" time="0.013"/>
  <testcase name="test_setDataLjava_lang_Object" classname="org.eclipse.swt.tests.junit.Test_org_eclipse_swt_widgets_TableColumn" time="0.015"/>
  <testcase name="test_setDataLjava_lang_Object" classname="org.eclipse.swt.tests.junit.Test_org_eclipse_swt_widgets_TableItem" time="0.014"/>
  <testcase name="test_setDataLjava_lang_Object" classname="org.eclipse.swt.tests.junit.Test_org_eclipse_swt_widgets_Text" time="0.017"/>
  <testcase name="test_setDataLjava_lang_Object" classname="org.eclipse.swt.tests.junit.Test_org_eclipse_swt_widgets_ToolBar" time="0.007"/>
  <testcase name="test_setDataLjava_lang_Object" classname="org.eclipse.swt.tests.junit.Test_org_eclipse_swt_widgets_ToolItem" time="0.01"/>
  <testcase name="test_setDataLjava_lang_Object" classname="org.eclipse.swt.tests.junit.Test_org_eclipse_swt_widgets_Tree" time="0.013"/>
  <testcase name="test_setDataLjava_lang_Object" classname="org.eclipse.swt.tests.junit.Test_org_eclipse_swt_widgets_TreeColumn" time="0.015"/>
  <testcase name="test_setDataLjava_lang_Object" classname="org.eclipse.swt.tests.junit.Test_org_eclipse_swt_widgets_TreeItem" time="0.015"/>
  <testcase name="test_setDataLjava_lang_Object" classname="org.eclipse.swt.tests.junit.Test_org_eclipse_swt_browser_Browser" time="0.602">
    <system-out><![CDATA[Running Test_org_eclipse_swt_browser_Browser#test_setDataLjava_lang_Object()

### Descriptors opened BEFORE test_setDataLjava_lang_Object(): 41

### Descriptors opened AFTER test_setDataLjava_lang_Object(): 43
Delta to previous test: 2

Delta to first test: 13
########################################


### Descriptors opened AFTER test_setDataLjava_lang_Object(): 41
]]></system-out>
  </testcase>
  <testcase name="test_setDataLjava_lang_Object" classname="org.eclipse.swt.tests.junit.Test_org_eclipse_swt_browser_Browser_IE" time="0.0">
    <skipped message="Disabled on operating system: Linux"/>
  </testcase>
  <testcase name="test_asyncExecLjava_lang_Runnable" classname="org.eclipse.swt.tests.junit.Test_org_eclipse_swt_widgets_Display" time="0.026"/>
  <testcase name="test_mapLorg_eclipse_swt_widgets_ControlLorg_eclipse_swt_widgets_ControlIIII" classname="org.eclipse.swt.tests.junit.Test_org_eclipse_swt_widgets_Display" time="0.147"/>
  <testcase name="test_getIconDepth" classname="org.eclipse.swt.tests.junit.Test_org_eclipse_swt_widgets_Display" time="0.022"/>
  <testcase name="test_getFontListLjava_lang_StringZ" classname="org.eclipse.swt.tests.junit.Test_org_eclipse_swt_widgets_Display" time="0.024"/>
  <testcase name="test_getMonitors" classname="org.eclipse.swt.tests.junit.Test_org_eclipse_swt_widgets_Display" time="0.023"/>
  <testcase name="test_close" classname="org.eclipse.swt.tests.junit.Test_org_eclipse_swt_widgets_Display" time="0.041"/>
  <testcase name="test_close" classname="org.eclipse.swt.tests.junit.Test_org_eclipse_swt_widgets_Shell" time="0.018"/>
  <testcase name="test_sleep" classname="org.eclipse.swt.tests.junit.Test_org_eclipse_swt_widgets_Display" time="6.093"/>
  <testcase name="scaleDownFloat" classname="org.eclipse.swt.tests.junit.DPIUtilTests" time="0.0">
    <skipped message="Disabled on operating system: Linux ==&gt; Linux uses Cairo auto scaling, thus DPIUtil scaling is disabled"/>
  </testcase>
  <testcase name="scaleUpInteger" classname="org.eclipse.swt.tests.junit.DPIUtilTests" time="0.0">
    <skipped message="Disabled on operating system: Linux ==&gt; Linux uses Cairo auto scaling, thus DPIUtil scaling is disabled"/>
  </testcase>
  <testcase name="testRasterizeWithZoomNegative" classname="org.eclipse.swt.tests.junit.JSVGRasterizerTest" time="0.001"/>
  <testcase name="testRasterizeWithZoomWithInvalidSVG" classname="org.eclipse.swt.tests.junit.JSVGRasterizerTest" time="0.061">
    <system-err><![CDATA[Nov 11, 2025 8:02:29 PM com.github.weisj.jsvg.parser.impl.StaxSVGLoader parse
WARNING: Error while parsing SVG.
javax.xml.stream.XMLStreamException: ParseError at [row,col]:[1,1]
Message: Premature end of file.
	at java.xml/com.sun.org.apache.xerces.internal.impl.XMLStreamReaderImpl.next(XMLStreamReaderImpl.java:652)
	at java.xml/com.sun.xml.internal.stream.XMLEventReaderImpl.nextEvent(XMLEventReaderImpl.java:83)
	at com.github.weisj.jsvg.parser.impl.StaxSVGLoader.parse(StaxSVGLoader.java:83)
	at com.github.weisj.jsvg.parser.impl.StaxSVGLoader.load(StaxSVGLoader.java:149)
	at com.github.weisj.jsvg.parser.SVGLoader.load(SVGLoader.java:89)
	at com.github.weisj.jsvg.parser.SVGLoader.load(SVGLoader.java:71)
	at org.eclipse.swt.svg.JSVGRasterizer.loadAndValidateSVG(JSVGRasterizer.java:90)
	at org.eclipse.swt.svg.JSVGRasterizer.rasterizeSVG(JSVGRasterizer.java:77)
	at org.eclipse.swt.tests.junit.JSVGRasterizerTest.lambda$0(JSVGRasterizerTest.java:67)
	at org.junit.jupiter.api.AssertThrows.assertThrows(AssertThrows.java:53)
	at org.junit.jupiter.api.AssertThrows.assertThrows(AssertThrows.java:35)
	at org.junit.jupiter.api.Assertions.assertThrows(Assertions.java:3128)
	at org.eclipse.swt.tests.junit.JSVGRasterizerTest.testRasterizeWithZoomWithInvalidSVG(JSVGRasterizerTest.java:66)
	at java.base/jdk.internal.reflect.DirectMethodHandleAccessor.invoke(DirectMethodHandleAccessor.java:103)
	at java.base/java.lang.reflect.Method.invoke(Method.java:580)
	at org.junit.platform.commons.util.ReflectionUtils.invokeMethod(ReflectionUtils.java:786)
	at org.junit.platform.commons.support.ReflectionSupport.invokeMethod(ReflectionSupport.java:514)
	at org.junit.jupiter.engine.execution.MethodInvocation.proceed(MethodInvocation.java:60)
	at org.junit.jupiter.engine.execution.InvocationInterceptorChain$ValidatingInvocation.proceed(InvocationInterceptorChain.java:131)
	at org.junit.jupiter.engine.extension.TimeoutExtension.intercept(TimeoutExtension.java:161)
	at org.junit.jupiter.engine.extension.TimeoutExtension.interceptTestableMethod(TimeoutExtension.java:152)
	at org.junit.jupiter.engine.extension.TimeoutExtension.interceptTestMethod(TimeoutExtension.java:91)
	at org.junit.jupiter.engine.execution.InterceptingExecutableInvoker$ReflectiveInterceptorCall.lambda$ofVoidMethod$0(InterceptingExecutableInvoker.java:112)
	at org.junit.jupiter.engine.execution.InterceptingExecutableInvoker.lambda$invoke$0(InterceptingExecutableInvoker.java:94)
	at org.junit.jupiter.engine.execution.InvocationInterceptorChain$InterceptedInvocation.proceed(InvocationInterceptorChain.java:106)
	at org.junit.jupiter.engine.execution.InvocationInterceptorChain.proceed(InvocationInterceptorChain.java:64)
	at org.junit.jupiter.engine.execution.InvocationInterceptorChain.chainAndInvoke(InvocationInterceptorChain.java:45)
	at org.junit.jupiter.engine.execution.InvocationInterceptorChain.invoke(InvocationInterceptorChain.java:37)
	at org.junit.jupiter.engine.execution.InterceptingExecutableInvoker.invoke(InterceptingExecutableInvoker.java:93)
	at org.junit.jupiter.engine.execution.InterceptingExecutableInvoker.invoke(InterceptingExecutableInvoker.java:87)
	at org.junit.jupiter.engine.descriptor.TestMethodTestDescriptor.lambda$invokeTestMethod$4(TestMethodTestDescriptor.java:221)
	at org.junit.platform.engine.support.hierarchical.ThrowableCollector.execute(ThrowableCollector.java:73)
	at org.junit.jupiter.engine.descriptor.TestMethodTestDescriptor.invokeTestMethod(TestMethodTestDescriptor.java:217)
	at org.junit.jupiter.engine.descriptor.TestMethodTestDescriptor.execute(TestMethodTestDescriptor.java:159)
	at org.junit.jupiter.engine.descriptor.TestMethodTestDescriptor.execute(TestMethodTestDescriptor.java:70)
	at org.junit.platform.engine.support.hierarchical.NodeTestTask.lambda$executeRecursively$6(NodeTestTask.java:157)
	at org.junit.platform.engine.support.hierarchical.ThrowableCollector.execute(ThrowableCollector.java:73)
	at org.junit.platform.engine.support.hierarchical.NodeTestTask.lambda$executeRecursively$8(NodeTestTask.java:147)
	at org.junit.platform.engine.support.hierarchical.Node.around(Node.java:137)
	at org.junit.platform.engine.support.hierarchical.NodeTestTask.lambda$executeRecursively$9(NodeTestTask.java:145)
	at org.junit.platform.engine.support.hierarchical.ThrowableCollector.execute(ThrowableCollector.java:73)
	at org.junit.platform.engine.support.hierarchical.NodeTestTask.executeRecursively(NodeTestTask.java:144)
	at org.junit.platform.engine.support.hierarchical.NodeTestTask.execute(NodeTestTask.java:101)
	at java.base/java.util.ArrayList.forEach(ArrayList.java:1596)
	at org.junit.platform.engine.support.hierarchical.SameThreadHierarchicalTestExecutorService.invokeAll(SameThreadHierarchicalTestExecutorService.java:41)
	at org.junit.platform.engine.support.hierarchical.NodeTestTask.lambda$executeRecursively$6(NodeTestTask.java:161)
	at org.junit.platform.engine.support.hierarchical.ThrowableCollector.execute(ThrowableCollector.java:73)
	at org.junit.platform.engine.support.hierarchical.NodeTestTask.lambda$executeRecursively$8(NodeTestTask.java:147)
	at org.junit.platform.engine.support.hierarchical.Node.around(Node.java:137)
	at org.junit.platform.engine.support.hierarchical.NodeTestTask.lambda$executeRecursively$9(NodeTestTask.java:145)
	at org.junit.platform.engine.support.hierarchical.ThrowableCollector.execute(ThrowableCollector.java:73)
	at org.junit.platform.engine.support.hierarchical.NodeTestTask.executeRecursively(NodeTestTask.java:144)
	at org.junit.platform.engine.support.hierarchical.NodeTestTask.execute(NodeTestTask.java:101)
	at java.base/java.util.ArrayList.forEach(ArrayList.java:1596)
	at org.junit.platform.engine.support.hierarchical.SameThreadHierarchicalTestExecutorService.invokeAll(SameThreadHierarchicalTestExecutorService.java:41)
	at org.junit.platform.engine.support.hierarchical.NodeTestTask.lambda$executeRecursively$6(NodeTestTask.java:161)
	at org.junit.platform.engine.support.hierarchical.ThrowableCollector.execute(ThrowableCollector.java:73)
	at org.junit.platform.engine.support.hierarchical.NodeTestTask.lambda$executeRecursively$8(NodeTestTask.java:147)
	at org.junit.platform.engine.support.hierarchical.Node.around(Node.java:137)
	at org.junit.platform.engine.support.hierarchical.NodeTestTask.lambda$executeRecursively$9(NodeTestTask.java:145)
	at org.junit.platform.engine.support.hierarchical.ThrowableCollector.execute(ThrowableCollector.java:73)
	at org.junit.platform.engine.support.hierarchical.NodeTestTask.executeRecursively(NodeTestTask.java:144)
	at org.junit.platform.engine.support.hierarchical.NodeTestTask.execute(NodeTestTask.java:101)
	at org.junit.platform.engine.support.hierarchical.SameThreadHierarchicalTestExecutorService.submit(SameThreadHierarchicalTestExecutorService.java:35)
	at org.junit.platform.engine.support.hierarchical.HierarchicalTestExecutor.execute(HierarchicalTestExecutor.java:57)
	at org.junit.platform.engine.support.hierarchical.HierarchicalTestEngine.execute(HierarchicalTestEngine.java:54)
	at org.junit.platform.launcher.core.EngineExecutionOrchestrator.executeEngine(EngineExecutionOrchestrator.java:230)
	at org.junit.platform.launcher.core.EngineExecutionOrchestrator.failOrExecuteEngine(EngineExecutionOrchestrator.java:204)
	at org.junit.platform.launcher.core.EngineExecutionOrchestrator.execute(EngineExecutionOrchestrator.java:172)
	at org.junit.platform.launcher.core.EngineExecutionOrchestrator.execute(EngineExecutionOrchestrator.java:101)
	at org.junit.platform.launcher.core.EngineExecutionOrchestrator.execute(EngineExecutionOrchestrator.java:84)
	at org.junit.platform.suite.engine.SuiteLauncher.execute(SuiteLauncher.java:65)
	at org.junit.platform.suite.engine.SuiteTestDescriptor.executeTests(SuiteTestDescriptor.java:196)
	at org.junit.platform.suite.engine.SuiteTestDescriptor.execute(SuiteTestDescriptor.java:164)
	at org.junit.platform.suite.engine.SuiteTestEngine.lambda$execute$0(SuiteTestEngine.java:76)
	at java.base/java.util.stream.ForEachOps$ForEachOp$OfRef.accept(ForEachOps.java:184)
	at java.base/java.util.stream.ReferencePipeline$3$1.accept(ReferencePipeline.java:197)
	at java.base/java.util.Iterator.forEachRemaining(Iterator.java:133)
	at java.base/java.util.Spliterators$IteratorSpliterator.forEachRemaining(Spliterators.java:1939)
	at java.base/java.util.stream.AbstractPipeline.copyInto(AbstractPipeline.java:509)
	at java.base/java.util.stream.AbstractPipeline.wrapAndCopyInto(AbstractPipeline.java:499)
	at java.base/java.util.stream.ForEachOps$ForEachOp.evaluateSequential(ForEachOps.java:151)
	at java.base/java.util.stream.ForEachOps$ForEachOp$OfRef.evaluateSequential(ForEachOps.java:174)
	at java.base/java.util.stream.AbstractPipeline.evaluate(AbstractPipeline.java:234)
	at java.base/java.util.stream.ReferencePipeline.forEach(ReferencePipeline.java:596)
	at org.junit.platform.suite.engine.SuiteTestEngine.execute(SuiteTestEngine.java:76)
	at org.junit.platform.launcher.core.EngineExecutionOrchestrator.executeEngine(EngineExecutionOrchestrator.java:230)
	at org.junit.platform.launcher.core.EngineExecutionOrchestrator.failOrExecuteEngine(EngineExecutionOrchestrator.java:204)
	at org.junit.platform.launcher.core.EngineExecutionOrchestrator.execute(EngineExecutionOrchestrator.java:172)
	at org.junit.platform.launcher.core.EngineExecutionOrchestrator.execute(EngineExecutionOrchestrator.java:101)
	at org.junit.platform.launcher.core.EngineExecutionOrchestrator.execute(EngineExecutionOrchestrator.java:84)
	at org.junit.platform.suite.engine.SuiteLauncher.execute(SuiteLauncher.java:65)
	at org.junit.platform.suite.engine.SuiteTestDescriptor.executeTests(SuiteTestDescriptor.java:196)
	at org.junit.platform.suite.engine.SuiteTestDescriptor.execute(SuiteTestDescriptor.java:164)
	at org.junit.platform.suite.engine.SuiteTestEngine.lambda$execute$0(SuiteTestEngine.java:76)
	at java.base/java.util.stream.ForEachOps$ForEachOp$OfRef.accept(ForEachOps.java:184)
	at java.base/java.util.stream.ReferencePipeline$3$1.accept(ReferencePipeline.java:197)
	at java.base/java.util.Iterator.forEachRemaining(Iterator.java:133)
	at java.base/java.util.Spliterators$IteratorSpliterator.forEachRemaining(Spliterators.java:1939)
	at java.base/java.util.stream.AbstractPipeline.copyInto(AbstractPipeline.java:509)
	at java.base/java.util.stream.AbstractPipeline.wrapAndCopyInto(AbstractPipeline.java:499)
	at java.base/java.util.stream.ForEachOps$ForEachOp.evaluateSequential(ForEachOps.java:151)
	at java.base/java.util.stream.ForEachOps$ForEachOp$OfRef.evaluateSequential(ForEachOps.java:174)
	at java.base/java.util.stream.AbstractPipeline.evaluate(AbstractPipeline.java:234)
	at java.base/java.util.stream.ReferencePipeline.forEach(ReferencePipeline.java:596)
	at org.junit.platform.suite.engine.SuiteTestEngine.execute(SuiteTestEngine.java:76)
	at org.junit.platform.launcher.core.EngineExecutionOrchestrator.executeEngine(EngineExecutionOrchestrator.java:230)
	at org.junit.platform.launcher.core.EngineExecutionOrchestrator.failOrExecuteEngine(EngineExecutionOrchestrator.java:204)
	at org.junit.platform.launcher.core.EngineExecutionOrchestrator.execute(EngineExecutionOrchestrator.java:172)
	at org.junit.platform.launcher.core.EngineExecutionOrchestrator.execute(EngineExecutionOrchestrator.java:101)
	at org.junit.platform.launcher.core.EngineExecutionOrchestrator.lambda$execute$0(EngineExecutionOrchestrator.java:64)
	at org.junit.platform.launcher.core.EngineExecutionOrchestrator.withInterceptedStreams(EngineExecutionOrchestrator.java:150)
	at org.junit.platform.launcher.core.EngineExecutionOrchestrator.execute(EngineExecutionOrchestrator.java:63)
	at org.junit.platform.launcher.core.DefaultLauncher.execute(DefaultLauncher.java:109)
	at org.junit.platform.launcher.core.DefaultLauncher.execute(DefaultLauncher.java:91)
	at org.junit.platform.launcher.core.DelegatingLauncher.execute(DelegatingLauncher.java:47)
	at org.junit.platform.launcher.core.InterceptingLauncher.lambda$execute$1(InterceptingLauncher.java:39)
	at org.junit.platform.launcher.core.ClasspathAlignmentCheckingLauncherInterceptor.intercept(ClasspathAlignmentCheckingLauncherInterceptor.java:25)
	at org.junit.platform.launcher.core.InterceptingLauncher.execute(InterceptingLauncher.java:38)
	at org.junit.platform.launcher.core.DelegatingLauncher.execute(DelegatingLauncher.java:47)
	at org.apache.maven.surefire.junitplatform.LauncherAdapter.executeWithoutCancellationToken(LauncherAdapter.java:60)
	at org.apache.maven.surefire.junitplatform.LauncherAdapter.execute(LauncherAdapter.java:52)
	at org.apache.maven.surefire.junitplatform.JUnitPlatformProvider.execute(JUnitPlatformProvider.java:203)
	at org.apache.maven.surefire.junitplatform.JUnitPlatformProvider.invokeAllTests(JUnitPlatformProvider.java:168)
	at org.apache.maven.surefire.junitplatform.JUnitPlatformProvider.invoke(JUnitPlatformProvider.java:136)
	at org.apache.maven.surefire.booter.ForkedBooter.runSuitesInProcess(ForkedBooter.java:385)
	at org.apache.maven.surefire.booter.ForkedBooter.execute(ForkedBooter.java:162)
	at org.apache.maven.surefire.booter.ForkedBooter.run(ForkedBooter.java:507)
	at org.apache.maven.surefire.booter.ForkedBooter.main(ForkedBooter.java:495)

]]></system-err>
  </testcase>
  <testcase name="testRasterizeWithTargetSizeWithInvalidSVG" classname="org.eclipse.swt.tests.junit.JSVGRasterizerTest" time="0.006">
    <system-err><![CDATA[Nov 11, 2025 8:02:29 PM com.github.weisj.jsvg.parser.impl.StaxSVGLoader parse
WARNING: Error while parsing SVG.
javax.xml.stream.XMLStreamException: ParseError at [row,col]:[1,1]
Message: Premature end of file.
	at java.xml/com.sun.org.apache.xerces.internal.impl.XMLStreamReaderImpl.next(XMLStreamReaderImpl.java:652)
	at java.xml/com.sun.xml.internal.stream.XMLEventReaderImpl.nextEvent(XMLEventReaderImpl.java:83)
	at com.github.weisj.jsvg.parser.impl.StaxSVGLoader.parse(StaxSVGLoader.java:83)
	at com.github.weisj.jsvg.parser.impl.StaxSVGLoader.load(StaxSVGLoader.java:149)
	at com.github.weisj.jsvg.parser.SVGLoader.load(SVGLoader.java:89)
	at com.github.weisj.jsvg.parser.SVGLoader.load(SVGLoader.java:71)
	at org.eclipse.swt.svg.JSVGRasterizer.loadAndValidateSVG(JSVGRasterizer.java:90)
	at org.eclipse.swt.svg.JSVGRasterizer.rasterizeSVG(JSVGRasterizer.java:84)
	at org.eclipse.swt.tests.junit.JSVGRasterizerTest.lambda$3(JSVGRasterizerTest.java:96)
	at org.junit.jupiter.api.AssertThrows.assertThrows(AssertThrows.java:53)
	at org.junit.jupiter.api.AssertThrows.assertThrows(AssertThrows.java:35)
	at org.junit.jupiter.api.Assertions.assertThrows(Assertions.java:3128)
	at org.eclipse.swt.tests.junit.JSVGRasterizerTest.testRasterizeWithTargetSizeWithInvalidSVG(JSVGRasterizerTest.java:95)
	at java.base/jdk.internal.reflect.DirectMethodHandleAccessor.invoke(DirectMethodHandleAccessor.java:103)
	at java.base/java.lang.reflect.Method.invoke(Method.java:580)
	at org.junit.platform.commons.util.ReflectionUtils.invokeMethod(ReflectionUtils.java:786)
	at org.junit.platform.commons.support.ReflectionSupport.invokeMethod(ReflectionSupport.java:514)
	at org.junit.jupiter.engine.execution.MethodInvocation.proceed(MethodInvocation.java:60)
	at org.junit.jupiter.engine.execution.InvocationInterceptorChain$ValidatingInvocation.proceed(InvocationInterceptorChain.java:131)
	at org.junit.jupiter.engine.extension.TimeoutExtension.intercept(TimeoutExtension.java:161)
	at org.junit.jupiter.engine.extension.TimeoutExtension.interceptTestableMethod(TimeoutExtension.java:152)
	at org.junit.jupiter.engine.extension.TimeoutExtension.interceptTestMethod(TimeoutExtension.java:91)
	at org.junit.jupiter.engine.execution.InterceptingExecutableInvoker$ReflectiveInterceptorCall.lambda$ofVoidMethod$0(InterceptingExecutableInvoker.java:112)
	at org.junit.jupiter.engine.execution.InterceptingExecutableInvoker.lambda$invoke$0(InterceptingExecutableInvoker.java:94)
	at org.junit.jupiter.engine.execution.InvocationInterceptorChain$InterceptedInvocation.proceed(InvocationInterceptorChain.java:106)
	at org.junit.jupiter.engine.execution.InvocationInterceptorChain.proceed(InvocationInterceptorChain.java:64)
	at org.junit.jupiter.engine.execution.InvocationInterceptorChain.chainAndInvoke(InvocationInterceptorChain.java:45)
	at org.junit.jupiter.engine.execution.InvocationInterceptorChain.invoke(InvocationInterceptorChain.java:37)
	at org.junit.jupiter.engine.execution.InterceptingExecutableInvoker.invoke(InterceptingExecutableInvoker.java:93)
	at org.junit.jupiter.engine.execution.InterceptingExecutableInvoker.invoke(InterceptingExecutableInvoker.java:87)
	at org.junit.jupiter.engine.descriptor.TestMethodTestDescriptor.lambda$invokeTestMethod$4(TestMethodTestDescriptor.java:221)
	at org.junit.platform.engine.support.hierarchical.ThrowableCollector.execute(ThrowableCollector.java:73)
	at org.junit.jupiter.engine.descriptor.TestMethodTestDescriptor.invokeTestMethod(TestMethodTestDescriptor.java:217)
	at org.junit.jupiter.engine.descriptor.TestMethodTestDescriptor.execute(TestMethodTestDescriptor.java:159)
	at org.junit.jupiter.engine.descriptor.TestMethodTestDescriptor.execute(TestMethodTestDescriptor.java:70)
	at org.junit.platform.engine.support.hierarchical.NodeTestTask.lambda$executeRecursively$6(NodeTestTask.java:157)
	at org.junit.platform.engine.support.hierarchical.ThrowableCollector.execute(ThrowableCollector.java:73)
	at org.junit.platform.engine.support.hierarchical.NodeTestTask.lambda$executeRecursively$8(NodeTestTask.java:147)
	at org.junit.platform.engine.support.hierarchical.Node.around(Node.java:137)
	at org.junit.platform.engine.support.hierarchical.NodeTestTask.lambda$executeRecursively$9(NodeTestTask.java:145)
	at org.junit.platform.engine.support.hierarchical.ThrowableCollector.execute(ThrowableCollector.java:73)
	at org.junit.platform.engine.support.hierarchical.NodeTestTask.executeRecursively(NodeTestTask.java:144)
	at org.junit.platform.engine.support.hierarchical.NodeTestTask.execute(NodeTestTask.java:101)
	at java.base/java.util.ArrayList.forEach(ArrayList.java:1596)
	at org.junit.platform.engine.support.hierarchical.SameThreadHierarchicalTestExecutorService.invokeAll(SameThreadHierarchicalTestExecutorService.java:41)
	at org.junit.platform.engine.support.hierarchical.NodeTestTask.lambda$executeRecursively$6(NodeTestTask.java:161)
	at org.junit.platform.engine.support.hierarchical.ThrowableCollector.execute(ThrowableCollector.java:73)
	at org.junit.platform.engine.support.hierarchical.NodeTestTask.lambda$executeRecursively$8(NodeTestTask.java:147)
[...]
########################################


### Descriptors opened AFTER test_evaluate_number_negative(): 41
]]></system-out>
  </testcase>
  <testcase name="test_evaluate_number_negative" classname="org.eclipse.swt.tests.junit.Test_org_eclipse_swt_browser_Browser_IE" time="0.0">
    <skipped message="Disabled on operating system: Linux"/>
  </testcase>
  <testcase name="test_evaluate_number_normal" classname="org.eclipse.swt.tests.junit.Test_org_eclipse_swt_browser_Browser" time="0.609">
    <system-out><![CDATA[Running Test_org_eclipse_swt_browser_Browser#test_evaluate_number_normal()

### Descriptors opened BEFORE test_evaluate_number_normal(): 41

### Descriptors opened AFTER test_evaluate_number_normal(): 43
Delta to previous test: 2

Delta to first test: 13
########################################


### Descriptors opened AFTER test_evaluate_number_normal(): 41
]]></system-out>
  </testcase>
  <testcase name="test_evaluate_number_normal" classname="org.eclipse.swt.tests.junit.Test_org_eclipse_swt_browser_Browser_IE" time="0.0">
    <skipped message="Disabled on operating system: Linux"/>
  </testcase>
  <testcase name="test_evaluate_returnMoved" classname="org.eclipse.swt.tests.junit.Test_org_eclipse_swt_browser_Browser" time="0.61">
    <system-out><![CDATA[Running Test_org_eclipse_swt_browser_Browser#test_evaluate_returnMoved()

### Descriptors opened BEFORE test_evaluate_returnMoved(): 41

### Descriptors opened AFTER test_evaluate_returnMoved(): 43
Delta to previous test: 2

Delta to first test: 13
########################################


### Descriptors opened AFTER test_evaluate_returnMoved(): 41
]]></system-out>
  </testcase>
  <testcase name="test_evaluate_returnMoved" classname="org.eclipse.swt.tests.junit.Test_org_eclipse_swt_browser_Browser_IE" time="0.0">
    <skipped message="Disabled on operating system: Linux"/>
  </testcase>
  <testcase name="test_evaluate_string" classname="org.eclipse.swt.tests.junit.Test_org_eclipse_swt_browser_Browser" time="0.612">
    <system-out><![CDATA[Running Test_org_eclipse_swt_browser_Browser#test_evaluate_string()

### Descriptors opened BEFORE test_evaluate_string(): 41

### Descriptors opened AFTER test_evaluate_string(): 43
Delta to previous test: 2

Delta to first test: 13
########################################


### Descriptors opened AFTER test_evaluate_string(): 41
]]></system-out>
  </testcase>
  <testcase name="test_evaluate_string" classname="org.eclipse.swt.tests.junit.Test_org_eclipse_swt_browser_Browser_IE" time="0.0">
    <skipped message="Disabled on operating system: Linux"/>
  </testcase>
  <testcase name="test_evalute_Cookies" classname="org.eclipse.swt.tests.junit.Test_org_eclipse_swt_browser_Browser" time="0.763">
    <system-out><![CDATA[Running Test_org_eclipse_swt_browser_Browser#test_evalute_Cookies()

### Descriptors opened BEFORE test_evalute_Cookies(): 41

### Descriptors opened AFTER test_evalute_Cookies(): 43
Delta to previous test: 2

Delta to first test: 13
########################################


### Descriptors opened AFTER test_evalute_Cookies(): 41
]]></system-out>
  </testcase>
  <testcase name="test_evalute_Cookies" classname="org.eclipse.swt.tests.junit.Test_org_eclipse_swt_browser_Browser_IE" time="0.0">
    <skipped message="Disabled on operating system: Linux"/>
  </testcase>
  <testcase name="test_execute_and_closeListener" classname="org.eclipse.swt.tests.junit.Test_org_eclipse_swt_browser_Browser" time="0.61">
    <system-out><![CDATA[Running Test_org_eclipse_swt_browser_Browser#test_execute_and_closeListener()

### Descriptors opened BEFORE test_execute_and_closeListener(): 41

### Descriptors opened AFTER test_execute_and_closeListener(): 44
Delta to previous test: 3
	socket:[58722]

Delta to first test: 14
########################################


### Descriptors opened AFTER test_execute_and_closeListener(): 41
]]></system-out>
  </testcase>
  <testcase name="test_execute_and_closeListener" classname="org.eclipse.swt.tests.junit.Test_org_eclipse_swt_browser_Browser_IE" time="0.0">
    <skipped message="Disabled on operating system: Linux"/>
  </testcase>
  <testcase name="test_execute_withNullArg" classname="org.eclipse.swt.tests.junit.Test_org_eclipse_swt_browser_Browser" time="0.599">
    <system-out><![CDATA[Running Test_org_eclipse_swt_browser_Browser#test_execute_withNullArg()

### Descriptors opened BEFORE test_execute_withNullArg(): 41

### Descriptors opened AFTER test_execute_withNullArg(): 43
Delta to previous test: 2

Delta to first test: 13
########################################


### Descriptors opened AFTER test_execute_withNullArg(): 41
]]></system-out>
  </testcase>
  <testcase name="test_execute_withNullArg" classname="org.eclipse.swt.tests.junit.Test_org_eclipse_swt_browser_Browser_IE" time="0.0">
    <skipped message="Disabled on operating system: Linux"/>
  </testcase>
  <testcase name="test_forward" classname="org.eclipse.swt.tests.junit.Test_org_eclipse_swt_browser_Browser" time="0.599">
    <system-out><![CDATA[Running Test_org_eclipse_swt_browser_Browser#test_forward()

### Descriptors opened BEFORE test_forward(): 41

### Descriptors opened AFTER test_forward(): 43
Delta to previous test: 2

Delta to first test: 13
########################################


### Descriptors opened AFTER test_forward(): 41
]]></system-out>
  </testcase>
  <testcase name="test_forward" classname="org.eclipse.swt.tests.junit.Test_org_eclipse_swt_browser_Browser_IE" time="0.0">
    <skipped message="Disabled on operating system: Linux"/>
  </testcase>
  <testcase name="test_getText_doctype" classname="org.eclipse.swt.tests.junit.Test_org_eclipse_swt_browser_Browser" time="0.612">
    <system-out><![CDATA[Running Test_org_eclipse_swt_browser_Browser#test_getText_doctype()

### Descriptors opened BEFORE test_getText_doctype(): 41

### Descriptors opened AFTER test_getText_doctype(): 43
Delta to previous test: 2

Delta to first test: 13
########################################


### Descriptors opened AFTER test_getText_doctype(): 41
]]></system-out>
  </testcase>
  <testcase name="test_getText_doctype" classname="org.eclipse.swt.tests.junit.Test_org_eclipse_swt_browser_Browser_IE" time="0.0">
    <skipped message="Disabled on operating system: Linux"/>
  </testcase>
  <testcase name="test_getText_html" classname="org.eclipse.swt.tests.junit.Test_org_eclipse_swt_browser_Browser" time="0.612">
    <system-out><![CDATA[Running Test_org_eclipse_swt_browser_Browser#test_getText_html()

### Descriptors opened BEFORE test_getText_html(): 41

### Descriptors opened AFTER test_getText_html(): 43
Delta to previous test: 2

Delta to first test: 13
########################################


### Descriptors opened AFTER test_getText_html(): 41
]]></system-out>
  </testcase>
  <testcase name="test_getText_html" classname="org.eclipse.swt.tests.junit.Test_org_eclipse_swt_browser_Browser_IE" time="0.0">
    <skipped message="Disabled on operating system: Linux"/>
  </testcase>
  <testcase name="test_getText_javascriptDisabled" classname="org.eclipse.swt.tests.junit.Test_org_eclipse_swt_browser_Browser" time="0.61">
    <system-out><![CDATA[Running Test_org_eclipse_swt_browser_Browser#test_getText_javascriptDisabled()

### Descriptors opened BEFORE test_getText_javascriptDisabled(): 41

### Descriptors opened AFTER test_getText_javascriptDisabled(): 43
Delta to previous test: 2

Delta to first test: 13
########################################


### Descriptors opened AFTER test_getText_javascriptDisabled(): 41
]]></system-out>
  </testcase>
  <testcase name="test_getText_javascriptDisabled" classname="org.eclipse.swt.tests.junit.Test_org_eclipse_swt_browser_Browser_IE" time="0.0">
    <skipped message="Disabled on operating system: Linux"/>
  </testcase>
  <testcase name="test_getText_script" classname="org.eclipse.swt.tests.junit.Test_org_eclipse_swt_browser_Browser" time="0.609">
    <system-out><![CDATA[Running Test_org_eclipse_swt_browser_Browser#test_getText_script()

### Descriptors opened BEFORE test_getText_script(): 41

### Descriptors opened AFTER test_getText_script(): 43
Delta to previous test: 2

Delta to first test: 13
########################################


### Descriptors opened AFTER test_getText_script(): 41
]]></system-out>
  </testcase>
  <testcase name="test_getText_script" classname="org.eclipse.swt.tests.junit.Test_org_eclipse_swt_browser_Browser_IE" time="0.0">
    <skipped message="Disabled on operating system: Linux"/>
  </testcase>
  <testcase name="test_getUrl" classname="org.eclipse.swt.tests.junit.Test_org_eclipse_swt_browser_Browser" time="0.599">
    <system-out><![CDATA[Running Test_org_eclipse_swt_browser_Browser#test_getUrl()

### Descriptors opened BEFORE test_getUrl(): 41

### Descriptors opened AFTER test_getUrl(): 43
Delta to previous test: 2

Delta to first test: 13
########################################


### Descriptors opened AFTER test_getUrl(): 41
]]></system-out>
  </testcase>
  <testcase name="test_getUrl" classname="org.eclipse.swt.tests.junit.Test_org_eclipse_swt_browser_Browser_IE" time="0.0">
    <skipped message="Disabled on operating system: Linux"/>
  </testcase>
  <testcase name="test_get_set_Cookies" classname="org.eclipse.swt.tests.junit.Test_org_eclipse_swt_browser_Browser" time="0.761">
    <system-out><![CDATA[Running Test_org_eclipse_swt_browser_Browser#test_get_set_Cookies()

### Descriptors opened BEFORE test_get_set_Cookies(): 41

### Descriptors opened AFTER test_get_set_Cookies(): 43
Delta to previous test: 2

Delta to first test: 13
########################################


### Descriptors opened AFTER test_get_set_Cookies(): 41
]]></system-out>
  </testcase>
  <testcase name="test_get_set_Cookies" classname="org.eclipse.swt.tests.junit.Test_org_eclipse_swt_browser_Browser_IE" time="0.0">
    <skipped message="Disabled on operating system: Linux"/>
  </testcase>
  <testcase name="test_isBackEnabled" classname="org.eclipse.swt.tests.junit.Test_org_eclipse_swt_browser_Browser" time="0.598">
    <system-out><![CDATA[Running Test_org_eclipse_swt_browser_Browser#test_isBackEnabled()

### Descriptors opened BEFORE test_isBackEnabled(): 41

### Descriptors opened AFTER test_isBackEnabled(): 43
Delta to previous test: 2

Delta to first test: 13
########################################


### Descriptors opened AFTER test_isBackEnabled(): 41
]]></system-out>
  </testcase>
  <testcase name="test_isBackEnabled" classname="org.eclipse.swt.tests.junit.Test_org_eclipse_swt_browser_Browser_IE" time="0.0">
    <skipped message="Disabled on operating system: Linux"/>
  </testcase>
  <testcase name="test_isForwardEnabled" classname="org.eclipse.swt.tests.junit.Test_org_eclipse_swt_browser_Browser" time="0.599">
    <system-out><![CDATA[Running Test_org_eclipse_swt_browser_Browser#test_isForwardEnabled()

### Descriptors opened BEFORE test_isForwardEnabled(): 41

### Descriptors opened AFTER test_isForwardEnabled(): 43
Delta to previous test: 2

Delta to first test: 13
########################################


### Descriptors opened AFTER test_isForwardEnabled(): 41
]]></system-out>
  </testcase>
  <testcase name="test_isForwardEnabled" classname="org.eclipse.swt.tests.junit.Test_org_eclipse_swt_browser_Browser_IE" time="0.0">
    <skipped message="Disabled on operating system: Linux"/>
  </testcase>
  <testcase name="test_refresh" classname="org.eclipse.swt.tests.junit.Test_org_eclipse_swt_browser_Browser" time="0.6">
    <system-out><![CDATA[Running Test_org_eclipse_swt_browser_Browser#test_refresh()

### Descriptors opened BEFORE test_refresh(): 41

### Descriptors opened AFTER test_refresh(): 43
Delta to previous test: 2

Delta to first test: 13
########################################


### Descriptors opened AFTER test_refresh(): 41
]]></system-out>
  </testcase>
  <testcase name="test_refresh" classname="org.eclipse.swt.tests.junit.Test_org_eclipse_swt_browser_Browser_IE" time="0.0">
    <skipped message="Disabled on operating system: Linux"/>
  </testcase>
  <testcase name="test_setJavascriptEnabled" classname="org.eclipse.swt.tests.junit.Test_org_eclipse_swt_browser_Browser" time="0.622">
    <system-out><![CDATA[Running Test_org_eclipse_swt_browser_Browser#test_setJavascriptEnabled()

### Descriptors opened BEFORE test_setJavascriptEnabled(): 41

### Descriptors opened AFTER test_setJavascriptEnabled(): 43
Delta to previous test: 2

Delta to first test: 13
########################################


### Descriptors opened AFTER test_setJavascriptEnabled(): 41
]]></system-out>
  </testcase>
  <testcase name="test_setJavascriptEnabled" classname="org.eclipse.swt.tests.junit.Test_org_eclipse_swt_browser_Browser_IE" time="0.0">
    <skipped message="Disabled on operating system: Linux"/>
  </testcase>
  <testcase name="test_setJavascriptEnabled_multipleInstances" classname="org.eclipse.swt.tests.junit.Test_org_eclipse_swt_browser_Browser" time="0.627">
    <system-out><![CDATA[Running Test_org_eclipse_swt_browser_Browser#test_setJavascriptEnabled_multipleInstances()

### Descriptors opened BEFORE test_setJavascriptEnabled_multipleInstances(): 41

### Descriptors opened AFTER test_setJavascriptEnabled_multipleInstances(): 44
Delta to previous test: 3

Delta to first test: 14
########################################


### Descriptors opened AFTER test_setJavascriptEnabled_multipleInstances(): 41
]]></system-out>
  </testcase>
  <testcase name="test_setJavascriptEnabled_multipleInstances" classname="org.eclipse.swt.tests.junit.Test_org_eclipse_swt_browser_Browser_IE" time="0.0">
    <skipped message="Disabled on operating system: Linux"/>
  </testcase>
  <testcase name="test_setText" classname="org.eclipse.swt.tests.junit.Test_org_eclipse_swt_browser_Browser" time="0.61">
    <system-out><![CDATA[Running Test_org_eclipse_swt_browser_Browser#test_setText()

### Descriptors opened BEFORE test_setText(): 41

### Descriptors opened AFTER test_setText(): 43
Delta to previous test: 2

Delta to first test: 13
########################################


### Descriptors opened AFTER test_setText(): 41
]]></system-out>
  </testcase>
  <testcase name="test_setText" classname="org.eclipse.swt.tests.junit.Test_org_eclipse_swt_browser_Browser_IE" time="0.0">
    <skipped message="Disabled on operating system: Linux"/>
  </testcase>
  <testcase name="test_setTextContainingScript_applicationLayerProgressListenerMustSeeUpToDateDom" classname="org.eclipse.swt.tests.junit.Test_org_eclipse_swt_browser_Browser" time="1.2">
    <system-out><![CDATA[Running Test_org_eclipse_swt_browser_Browser#test_setTextContainingScript_applicationLayerProgressListenerMustSeeUpToDateDom()

### Descriptors opened BEFORE test_setTextContainingScript_applicationLayerProgressListenerMustSeeUpToDateDom(): 41

### Descriptors opened AFTER test_setTextContainingScript_applicationLayerProgressListenerMustSeeUpToDateDom(): 43
Delta to previous test: 2

Delta to first test: 13
########################################


### Descriptors opened AFTER test_setTextContainingScript_applicationLayerProgressListenerMustSeeUpToDateDom(): 41
]]></system-out>
  </testcase>
  <testcase name="test_setTextContainingScript_applicationLayerProgressListenerMustSeeUpToDateDom" classname="org.eclipse.swt.tests.junit.Test_org_eclipse_swt_browser_Browser_IE" time="0.0">
    <skipped message="Disabled on operating system: Linux"/>
  </testcase>
  <testcase name="test_setTextNull" classname="org.eclipse.swt.tests.junit.Test_org_eclipse_swt_browser_Browser" time="0.6">
    <system-out><![CDATA[Running Test_org_eclipse_swt_browser_Browser#test_setTextNull()

### Descriptors opened BEFORE test_setTextNull(): 41

### Descriptors opened AFTER test_setTextNull(): 43
Delta to previous test: 2

Delta to first test: 13
########################################


### Descriptors opened AFTER test_setTextNull(): 41
]]></system-out>
  </testcase>
  <testcase name="test_setTextNull" classname="org.eclipse.swt.tests.junit.Test_org_eclipse_swt_browser_Browser_IE" time="0.0">
    <skipped message="Disabled on operating system: Linux"/>
  </testcase>
  <testcase name="test_setUrlWithNullArg" classname="org.eclipse.swt.tests.junit.Test_org_eclipse_swt_browser_Browser" time="0.602">
    <system-out><![CDATA[Running Test_org_eclipse_swt_browser_Browser#test_setUrlWithNullArg()

### Descriptors opened BEFORE test_setUrlWithNullArg(): 41

### Descriptors opened AFTER test_setUrlWithNullArg(): 43
Delta to previous test: 2

Delta to first test: 13
########################################


### Descriptors opened AFTER test_setUrlWithNullArg(): 41
]]></system-out>
  </testcase>
  <testcase name="test_setUrlWithNullArg" classname="org.eclipse.swt.tests.junit.Test_org_eclipse_swt_browser_Browser_IE" time="0.0">
    <skipped message="Disabled on operating system: Linux"/>
  </testcase>
  <testcase name="test_setUrl_local" classname="org.eclipse.swt.tests.junit.Test_org_eclipse_swt_browser_Browser" time="0.612">
    <system-out><![CDATA[Running Test_org_eclipse_swt_browser_Browser#test_setUrl_local()

### Descriptors opened BEFORE test_setUrl_local(): 41

### Descriptors opened AFTER test_setUrl_local(): 43
Delta to previous test: 2

Delta to first test: 13
########################################


### Descriptors opened AFTER test_setUrl_local(): 41
]]></system-out>
  </testcase>
  <testcase name="test_setUrl_local" classname="org.eclipse.swt.tests.junit.Test_org_eclipse_swt_browser_Browser_IE" time="0.0">
    <skipped message="Disabled on operating system: Linux"/>
  </testcase>
  <testcase name="test_setUrl_remote" classname="org.eclipse.swt.tests.junit.Test_org_eclipse_swt_browser_Browser" time="0.951">
    <system-out><![CDATA[Running Test_org_eclipse_swt_browser_Browser#test_setUrl_remote()

### Descriptors opened BEFORE test_setUrl_remote(): 41

### Descriptors opened AFTER test_setUrl_remote(): 44
Delta to previous test: 3
	socket:[58126]

Delta to first test: 14
########################################


### Descriptors opened AFTER test_setUrl_remote(): 42
Delta to previous test: 1
	socket:[58126]

Delta to first test: 12
########################################

]]></system-out>
  </testcase>
  <testcase name="test_setUrl_remote" classname="org.eclipse.swt.tests.junit.Test_org_eclipse_swt_browser_Browser_IE" time="0.0">
    <skipped message="Disabled on operating system: Linux"/>
  </testcase>
  <testcase name="test_setUrl_remote_with_post" classname="org.eclipse.swt.tests.junit.Test_org_eclipse_swt_browser_Browser" time="2.286">
    <system-out><![CDATA[Running Test_org_eclipse_swt_browser_Browser#test_setUrl_remote_with_post()

### Descriptors opened BEFORE test_setUrl_remote_with_post(): 42

### Descriptors opened AFTER test_setUrl_remote_with_post(): 45
Delta to previous test: 3
	socket:[58137]

Delta to first test: 15
########################################


### Descriptors opened AFTER test_setUrl_remote_with_post(): 43
Delta to previous test: 1
	socket:[58137]

Delta to first test: 13
########################################

]]></system-out>
  </testcase>
  <testcase name="test_setUrl_remote_with_post" classname="org.eclipse.swt.tests.junit.Test_org_eclipse_swt_browser_Browser_IE" time="0.0">
    <skipped message="Disabled on operating system: Linux"/>
  </testcase>
  <testcase name="test_stop" classname="org.eclipse.swt.tests.junit.Test_org_eclipse_swt_browser_Browser" time="1.526">
    <system-out><![CDATA[Running Test_org_eclipse_swt_browser_Browser#test_stop()

### Descriptors opened BEFORE test_stop(): 43

### Descriptors opened AFTER test_stop(): 45
Delta to previous test: 2

Delta to first test: 15
########################################


### Descriptors opened AFTER test_stop(): 43
]]></system-out>
  </testcase>
  <testcase name="test_stop" classname="org.eclipse.swt.tests.junit.Test_org_eclipse_swt_browser_Browser_IE" time="0.0">
    <skipped message="Disabled on operating system: Linux"/>
  </testcase>
</testsuite>