<?xml version="1.0" encoding="UTF-8"?>
<testsuite xmlns:xsi="http://www.w3.org/2001/XMLSchema-instance" xsi:noNamespaceSchemaLocation="https://maven.apache.org/surefire/maven-surefire-plugin/xsd/surefire-test-report.xsd" version="3.0" name="org.eclipse.swt.tests.gtk.snippets.Bug336238_ShellSetBoundFailTest" time="0.492" tests="1" errors="0" skipped="0" failures="0">
  <properties>
[...]
</properties>
  <testcase name="testSetBounds" classname="org.eclipse.swt.tests.gtk.snippets.Bug336238_ShellSetBoundFailTest" time="0.49"/>
</testsuite>